

Microchip MPLAB XC8 Assembler V2.10 build 88905656 
                                                                                               Sat Feb 08 16:12:02 2020

Microchip MPLAB XC8 C Compiler v2.10 (Free license) build 20190730164152 Og1 
     1                           	processor	16F887
     2                           	opt	pw 120
     3                           	opt	flic
     4                           	psect	cinit,global,class=CODE,merge=1,delta=2
     5                           	psect	bssCOMMON,global,class=COMMON,space=1,delta=1
     6                           	psect	bssBANK0,global,class=BANK0,space=1,delta=1
     7                           	psect	clrtext,global,class=CODE,delta=2
     8                           	psect	cstackCOMMON,global,class=COMMON,space=1,delta=1
     9                           	psect	cstackBANK0,global,class=BANK0,space=1,delta=1
    10                           	psect	maintext,global,class=CODE,split=1,delta=2
    11                           	psect	text1,local,class=CODE,merge=1,delta=2
    12                           	psect	text2,local,class=CODE,merge=1,delta=2
    13                           	psect	text3,local,class=CODE,merge=1,delta=2
    14                           	psect	text4,local,class=CODE,merge=1,delta=2
    15                           	psect	text5,local,class=CODE,merge=1,delta=2
    16                           	psect	intentry,global,class=CODE,delta=2
    17                           	dabs	1,0x7E,2
    18  0000                     
    19                           ; Version 2.10
    20                           ; Generated 31/07/2019 GMT
    21                           ; 
    22                           ; Copyright © 2019, Microchip Technology Inc. and its subsidiaries ("Microchip")
    23                           ; All rights reserved.
    24                           ; 
    25                           ; This software is developed by Microchip Technology Inc. and its subsidiaries ("Microch
      +                          ip").
    26                           ; 
    27                           ; Redistribution and use in source and binary forms, with or without modification, are
    28                           ; permitted provided that the following conditions are met:
    29                           ; 
    30                           ;     1. Redistributions of source code must retain the above copyright notice, this lis
      +                          t of
    31                           ;        conditions and the following disclaimer.
    32                           ; 
    33                           ;     2. Redistributions in binary form must reproduce the above copyright notice, this 
      +                          list
    34                           ;        of conditions and the following disclaimer in the documentation and/or other
    35                           ;        materials provided with the distribution.
    36                           ; 
    37                           ;     3. Microchip's name may not be used to endorse or promote products derived from th
      +                          is
    38                           ;        software without specific prior written permission.
    39                           ; 
    40                           ; THIS SOFTWARE IS PROVIDED BY MICROCHIP "AS IS" AND ANY EXPRESS OR IMPLIED WARRANTIES,
    41                           ; INCLUDING, BUT NOT LIMITED TO, THE IMPLIED WARRANTIES OF MERCHANTABILITY AND FITNESS F
      +                          OR
    42                           ; PURPOSE ARE DISCLAIMED.  IN NO EVENT SHALL MICROCHIP BE LIABLE FOR ANY DIRECT, INDIREC
      +                          T,
    43                           ; INCIDENTAL, SPECIAL, EXEMPLARY, OR CONSEQUENTIAL DAMAGES (INCLUDING BUT NOT LIMITED TO
    44                           ; PROCUREMENT OF SUBSTITUTE GOODS OR SERVICES; LOSS OF USE, DATA OR PROFITS; OR BUSINESS
    45                           ; INTERRUPTION) HOWSOEVER CAUSED AND ON ANY THEORY OF LIABILITY, WHETHER IN CONTRACT, ST
      +                          RICT
    46                           ; LIABILITY, OR TORT (INCLUDING NEGLIGENCE OR OTHERWISE) ARISING IN ANY WAY OUT OF THE U
      +                          SE OF
    47                           ; THIS SOFTWARE, EVEN IF ADVISED OF THE POSSIBILITY OF SUCH DAMAGE.
    48                           ; 
    49                           ; 
    50                           ; Code-generator required, PIC16F887 Definitions
    51                           ; 
    52                           ; SFR Addresses
    53  0000                     	;# 
    54  0001                     	;# 
    55  0002                     	;# 
    56  0003                     	;# 
    57  0004                     	;# 
    58  0005                     	;# 
    59  0006                     	;# 
    60  0007                     	;# 
    61  0008                     	;# 
    62  0009                     	;# 
    63  000A                     	;# 
    64  000B                     	;# 
    65  000C                     	;# 
    66  000D                     	;# 
    67  000E                     	;# 
    68  000E                     	;# 
    69  000F                     	;# 
    70  0010                     	;# 
    71  0011                     	;# 
    72  0012                     	;# 
    73  0013                     	;# 
    74  0014                     	;# 
    75  0015                     	;# 
    76  0015                     	;# 
    77  0016                     	;# 
    78  0017                     	;# 
    79  0018                     	;# 
    80  0019                     	;# 
    81  001A                     	;# 
    82  001B                     	;# 
    83  001B                     	;# 
    84  001C                     	;# 
    85  001D                     	;# 
    86  001E                     	;# 
    87  001F                     	;# 
    88  0081                     	;# 
    89  0085                     	;# 
    90  0086                     	;# 
    91  0087                     	;# 
    92  0088                     	;# 
    93  0089                     	;# 
    94  008C                     	;# 
    95  008D                     	;# 
    96  008E                     	;# 
    97  008F                     	;# 
    98  0090                     	;# 
    99  0091                     	;# 
   100  0092                     	;# 
   101  0093                     	;# 
   102  0093                     	;# 
   103  0093                     	;# 
   104  0094                     	;# 
   105  0095                     	;# 
   106  0096                     	;# 
   107  0097                     	;# 
   108  0098                     	;# 
   109  0099                     	;# 
   110  009A                     	;# 
   111  009B                     	;# 
   112  009C                     	;# 
   113  009D                     	;# 
   114  009E                     	;# 
   115  009F                     	;# 
   116  0105                     	;# 
   117  0107                     	;# 
   118  0108                     	;# 
   119  0109                     	;# 
   120  010C                     	;# 
   121  010C                     	;# 
   122  010D                     	;# 
   123  010E                     	;# 
   124  010F                     	;# 
   125  0185                     	;# 
   126  0187                     	;# 
   127  0188                     	;# 
   128  0189                     	;# 
   129  018C                     	;# 
   130  018D                     	;# 
   131  0000                     	;# 
   132  0001                     	;# 
   133  0002                     	;# 
   134  0003                     	;# 
   135  0004                     	;# 
   136  0005                     	;# 
   137  0006                     	;# 
   138  0007                     	;# 
   139  0008                     	;# 
   140  0009                     	;# 
   141  000A                     	;# 
   142  000B                     	;# 
   143  000C                     	;# 
   144  000D                     	;# 
   145  000E                     	;# 
   146  000E                     	;# 
   147  000F                     	;# 
   148  0010                     	;# 
   149  0011                     	;# 
   150  0012                     	;# 
   151  0013                     	;# 
   152  0014                     	;# 
   153  0015                     	;# 
   154  0015                     	;# 
   155  0016                     	;# 
   156  0017                     	;# 
   157  0018                     	;# 
   158  0019                     	;# 
   159  001A                     	;# 
   160  001B                     	;# 
   161  001B                     	;# 
   162  001C                     	;# 
   163  001D                     	;# 
   164  001E                     	;# 
   165  001F                     	;# 
   166  0081                     	;# 
   167  0085                     	;# 
   168  0086                     	;# 
   169  0087                     	;# 
   170  0088                     	;# 
   171  0089                     	;# 
   172  008C                     	;# 
   173  008D                     	;# 
   174  008E                     	;# 
   175  008F                     	;# 
   176  0090                     	;# 
   177  0091                     	;# 
   178  0092                     	;# 
   179  0093                     	;# 
   180  0093                     	;# 
   181  0093                     	;# 
   182  0094                     	;# 
   183  0095                     	;# 
   184  0096                     	;# 
   185  0097                     	;# 
   186  0098                     	;# 
   187  0099                     	;# 
   188  009A                     	;# 
   189  009B                     	;# 
   190  009C                     	;# 
   191  009D                     	;# 
   192  009E                     	;# 
   193  009F                     	;# 
   194  0105                     	;# 
   195  0107                     	;# 
   196  0108                     	;# 
   197  0109                     	;# 
   198  010C                     	;# 
   199  010C                     	;# 
   200  010D                     	;# 
   201  010E                     	;# 
   202  010F                     	;# 
   203  0185                     	;# 
   204  0187                     	;# 
   205  0188                     	;# 
   206  0189                     	;# 
   207  018C                     	;# 
   208  018D                     	;# 
   209  0000                     	;# 
   210  0001                     	;# 
   211  0002                     	;# 
   212  0003                     	;# 
   213  0004                     	;# 
   214  0005                     	;# 
   215  0006                     	;# 
   216  0007                     	;# 
   217  0008                     	;# 
   218  0009                     	;# 
   219  000A                     	;# 
   220  000B                     	;# 
   221  000C                     	;# 
   222  000D                     	;# 
   223  000E                     	;# 
   224  000E                     	;# 
   225  000F                     	;# 
   226  0010                     	;# 
   227  0011                     	;# 
   228  0012                     	;# 
   229  0013                     	;# 
   230  0014                     	;# 
   231  0015                     	;# 
   232  0015                     	;# 
   233  0016                     	;# 
   234  0017                     	;# 
   235  0018                     	;# 
   236  0019                     	;# 
   237  001A                     	;# 
   238  001B                     	;# 
   239  001B                     	;# 
   240  001C                     	;# 
   241  001D                     	;# 
   242  001E                     	;# 
   243  001F                     	;# 
   244  0081                     	;# 
   245  0085                     	;# 
   246  0086                     	;# 
   247  0087                     	;# 
   248  0088                     	;# 
   249  0089                     	;# 
   250  008C                     	;# 
   251  008D                     	;# 
   252  008E                     	;# 
   253  008F                     	;# 
   254  0090                     	;# 
   255  0091                     	;# 
   256  0092                     	;# 
   257  0093                     	;# 
   258  0093                     	;# 
   259  0093                     	;# 
   260  0094                     	;# 
   261  0095                     	;# 
   262  0096                     	;# 
   263  0097                     	;# 
   264  0098                     	;# 
   265  0099                     	;# 
   266  009A                     	;# 
   267  009B                     	;# 
   268  009C                     	;# 
   269  009D                     	;# 
   270  009E                     	;# 
   271  009F                     	;# 
   272  0105                     	;# 
   273  0107                     	;# 
   274  0108                     	;# 
   275  0109                     	;# 
   276  010C                     	;# 
   277  010C                     	;# 
   278  010D                     	;# 
   279  010E                     	;# 
   280  010F                     	;# 
   281  0185                     	;# 
   282  0187                     	;# 
   283  0188                     	;# 
   284  0189                     	;# 
   285  018C                     	;# 
   286  018D                     	;# 
   287  0000                     	;# 
   288  0001                     	;# 
   289  0002                     	;# 
   290  0003                     	;# 
   291  0004                     	;# 
   292  0005                     	;# 
   293  0006                     	;# 
   294  0007                     	;# 
   295  0008                     	;# 
   296  0009                     	;# 
   297  000A                     	;# 
   298  000B                     	;# 
   299  000C                     	;# 
   300  000D                     	;# 
   301  000E                     	;# 
   302  000E                     	;# 
   303  000F                     	;# 
   304  0010                     	;# 
   305  0011                     	;# 
   306  0012                     	;# 
   307  0013                     	;# 
   308  0014                     	;# 
   309  0015                     	;# 
   310  0015                     	;# 
   311  0016                     	;# 
   312  0017                     	;# 
   313  0018                     	;# 
   314  0019                     	;# 
   315  001A                     	;# 
   316  001B                     	;# 
   317  001B                     	;# 
   318  001C                     	;# 
   319  001D                     	;# 
   320  001E                     	;# 
   321  001F                     	;# 
   322  0081                     	;# 
   323  0085                     	;# 
   324  0086                     	;# 
   325  0087                     	;# 
   326  0088                     	;# 
   327  0089                     	;# 
   328  008C                     	;# 
   329  008D                     	;# 
   330  008E                     	;# 
   331  008F                     	;# 
   332  0090                     	;# 
   333  0091                     	;# 
   334  0092                     	;# 
   335  0093                     	;# 
   336  0093                     	;# 
   337  0093                     	;# 
   338  0094                     	;# 
   339  0095                     	;# 
   340  0096                     	;# 
   341  0097                     	;# 
   342  0098                     	;# 
   343  0099                     	;# 
   344  009A                     	;# 
   345  009B                     	;# 
   346  009C                     	;# 
   347  009D                     	;# 
   348  009E                     	;# 
   349  009F                     	;# 
   350  0105                     	;# 
   351  0107                     	;# 
   352  0108                     	;# 
   353  0109                     	;# 
   354  010C                     	;# 
   355  010C                     	;# 
   356  010D                     	;# 
   357  010E                     	;# 
   358  010F                     	;# 
   359  0185                     	;# 
   360  0187                     	;# 
   361  0188                     	;# 
   362  0189                     	;# 
   363  018C                     	;# 
   364  018D                     	;# 
   365  001E                     _ADRESH	set	30
   366  0006                     _PORTB	set	6
   367  001F                     _ADCON0	set	31
   368  0008                     _PORTD	set	8
   369  0005                     _PORTA	set	5
   370  0008                     _PORTDbits	set	8
   371  0007                     _PORTC	set	7
   372  0001                     _TMR0	set	1
   373  000C                     _PIR1bits	set	12
   374  001F                     _ADCON0bits	set	31
   375  0006                     _PORTBbits	set	6
   376  000B                     _INTCONbits	set	11
   377  009F                     _ADCON1	set	159
   378  008C                     _PIE1bits	set	140
   379  0081                     _OPTION_REGbits	set	129
   380  0089                     _TRISE	set	137
   381  0088                     _TRISD	set	136
   382  0087                     _TRISC	set	135
   383  0085                     _TRISA	set	133
   384  0086                     _TRISBbits	set	134
   385  0188                     _ANSEL	set	392
   386                           
   387                           ; #config settings
   388  0000                     
   389                           	psect	cinit
   390  000F                     start_initialization:	
   391  000F                     __initialization:	
   392                           
   393                           ; Clear objects allocated to COMMON
   394  000F  3070               	movlw	low __pbssCOMMON
   395  0010  0084               	movwf	4
   396  0011  3078               	movlw	low (__pbssCOMMON+8)
   397  0012  120A  118A  219E  120A  118A  	fcall	clear_ram0
   398                           
   399                           ; Clear objects allocated to BANK0
   400  0017  1383               	bcf	3,7	;select IRP bank0
   401  0018  3020               	movlw	low __pbssBANK0
   402  0019  0084               	movwf	4
   403  001A  3032               	movlw	low (__pbssBANK0+18)
   404  001B  120A  118A  219E  120A  118A  	fcall	clear_ram0
   405  0020                     end_of_initialization:	
   406                           ;End of C runtime variable initialization code
   407                           
   408  0020                     __end_of__initialization:	
   409  0020  0183               	clrf	3
   410  0021  120A  118A  28A5   	ljmp	_main	;jump to C main() function
   411                           
   412                           	psect	bssCOMMON
   413  0070                     __pbssCOMMON:	
   414  0070                     _multi:	
   415  0070                     	ds	2
   416  0072                     _valor2:	
   417  0072                     	ds	2
   418  0074                     _conversion:	
   419  0074                     	ds	2
   420  0076                     _eTMR0:	
   421  0076                     	ds	1
   422  0077                     _eADC:	
   423  0077                     	ds	1
   424                           
   425                           	psect	bssBANK0
   426  0020                     __pbssBANK0:	
   427  0020                     _d:	
   428  0020                     	ds	4
   429  0024                     _activo:	
   430  0024                     	ds	2
   431  0026                     _calculado:	
   432  0026                     	ds	2
   433  0028                     _valor1:	
   434  0028                     	ds	2
   435  002A                     _turnon:	
   436  002A                     	ds	2
   437  002C                     _valor:	
   438  002C                     	ds	2
   439  002E                     _press2:	
   440  002E                     	ds	2
   441  0030                     _press1:	
   442  0030                     	ds	2
   443                           
   444                           	psect	clrtext
   445  019E                     clear_ram0:	
   446                           ;	Called with FSR containing the base address, and
   447                           ;	W with the last address+1
   448                           
   449  019E  0064               	clrwdt	;clear the watchdog before getting into this loop
   450  019F                     clrloop0:	
   451  019F  0180               	clrf	0	;clear RAM location pointed to by FSR
   452  01A0  0A84               	incf	4,f	;increment pointer
   453  01A1  0604               	xorwf	4,w	;XOR with final address
   454  01A2  1903               	btfsc	3,2	;have we reached the end yet?
   455  01A3  3400               	retlw	0	;all done for this memory range, return
   456  01A4  0604               	xorwf	4,w	;XOR again to restore value
   457  01A5  299F               	goto	clrloop0	;do the next byte
   458                           
   459                           	psect	cstackCOMMON
   460  0078                     __pcstackCOMMON:	
   461  0078                     ?_isr:	
   462  0078                     ??_isr:	
   463                           ; 1 bytes @ 0x0
   464                           
   465  0078                     ?_valorsevenseg:	
   466                           ; 1 bytes @ 0x0
   467                           
   468  0078                     ?_valorsevenseg2:	
   469                           ; 1 bytes @ 0x0
   470                           
   471  0078                     ?_sett:	
   472                           ; 1 bytes @ 0x0
   473                           
   474  0078                     ?_main:	
   475                           ; 1 bytes @ 0x0
   476                           
   477                           
   478                           ; 1 bytes @ 0x0
   479  0078                     	ds	2
   480  007A                     ?_sevenseg:	
   481  007A                     ??_sett:	
   482                           ; 1 bytes @ 0x2
   483                           
   484  007A                     sevenseg@valor:	
   485                           ; 1 bytes @ 0x2
   486                           
   487                           
   488                           ; 2 bytes @ 0x2
   489  007A                     	ds	2
   490  007C                     ??_sevenseg:	
   491  007C                     ??_valorsevenseg:	
   492                           ; 1 bytes @ 0x4
   493                           
   494  007C                     ??_valorsevenseg2:	
   495                           ; 1 bytes @ 0x4
   496                           
   497                           
   498                           	psect	cstackBANK0
   499  0032                     __pcstackBANK0:	
   500                           ; 1 bytes @ 0x4
   501                           
   502  0032                     ??_main:	
   503                           
   504                           ; 1 bytes @ 0x0
   505  0032                     	ds	2
   506                           
   507                           	psect	maintext
   508  00A5                     __pmaintext:	
   509 ;;
   510 ;;Main: autosize = 0, tempsize = 2, incstack = 0, save=0
   511 ;;
   512 ;; *************** function _main *****************
   513 ;; Defined at:
   514 ;;		line 134 in file "lab2.c"
   515 ;; Parameters:    Size  Location     Type
   516 ;;		None
   517 ;; Auto vars:     Size  Location     Type
   518 ;;		None
   519 ;; Return value:  Size  Location     Type
   520 ;;                  1    wreg      void 
   521 ;; Registers used:
   522 ;;		wreg, fsr0l, fsr0h, status,2, status,0, btemp+1, pclath, cstack
   523 ;; Tracked objects:
   524 ;;		On entry : B00/0
   525 ;;		On exit  : 0/0
   526 ;;		Unchanged: 0/0
   527 ;; Data sizes:     COMMON   BANK0   BANK1   BANK3   BANK2
   528 ;;      Params:         0       0       0       0       0
   529 ;;      Locals:         0       0       0       0       0
   530 ;;      Temps:          0       2       0       0       0
   531 ;;      Totals:         0       2       0       0       0
   532 ;;Total ram usage:        2 bytes
   533 ;; Hardware stack levels required when called:    3
   534 ;; This function calls:
   535 ;;		_sett
   536 ;;		_valorsevenseg
   537 ;;		_valorsevenseg2
   538 ;; This function is called by:
   539 ;;		Startup code after reset
   540 ;; This function uses a non-reentrant model
   541 ;;
   542                           
   543                           
   544                           ;psect for function _main
   545  00A5                     _main:	
   546  00A5                     l100:	
   547                           ;incstack = 0
   548                           ; Regs used in _main: [wreg-fsr0h+status,2+status,0+btemp+1+pclath+cstack]
   549                           ;lab2.c: 135:     while (1){
   550                           
   551  00A5                     l1106:	
   552                           
   553                           ;lab2.c: 136:         sett();
   554  00A5  120A  118A  2134  120A  118A  	fcall	_sett
   555  00AA                     l1108:	
   556                           
   557                           ;lab2.c: 137:         if (press1 == 1 && PORTBbits.RB7 == 1){
   558  00AA  1283               	bcf	3,5	;RP0=0, select bank0
   559  00AB  1303               	bcf	3,6	;RP1=0, select bank0
   560  00AC  0330               	decf	_press1,w
   561  00AD  0431               	iorwf	_press1+1,w
   562  00AE  1D03               	btfss	3,2
   563  00AF  28B1               	goto	u291
   564  00B0  28B2               	goto	u290
   565  00B1                     u291:	
   566  00B1  28BA               	goto	l101
   567  00B2                     u290:	
   568  00B2                     l1110:	
   569  00B2  1F86               	btfss	6,7	;volatile
   570  00B3  28B5               	goto	u301
   571  00B4  28B6               	goto	u300
   572  00B5                     u301:	
   573  00B5  28BA               	goto	l101
   574  00B6                     u300:	
   575  00B6                     l1112:	
   576                           
   577                           ;lab2.c: 138:             PORTB++;}
   578  00B6  3001               	movlw	1
   579  00B7  00B2               	movwf	??_main
   580  00B8  0832               	movf	??_main,w
   581  00B9  0786               	addwf	6,f	;volatile
   582  00BA                     l101:	
   583                           
   584                           ;lab2.c: 139:         if (press2 == 1 && PORTBbits.RB0 == 1){
   585  00BA  032E               	decf	_press2,w
   586  00BB  042F               	iorwf	_press2+1,w
   587  00BC  1D03               	btfss	3,2
   588  00BD  28BF               	goto	u311
   589  00BE  28C0               	goto	u310
   590  00BF                     u311:	
   591  00BF  28C6               	goto	l102
   592  00C0                     u310:	
   593  00C0                     l1114:	
   594  00C0  1C06               	btfss	6,0	;volatile
   595  00C1  28C3               	goto	u321
   596  00C2  28C4               	goto	u320
   597  00C3                     u321:	
   598  00C3  28C6               	goto	l102
   599  00C4                     u320:	
   600  00C4                     l1116:	
   601                           
   602                           ;lab2.c: 140:             PORTB--;}
   603  00C4  3001               	movlw	1
   604  00C5  0286               	subwf	6,f	;volatile
   605  00C6                     l102:	
   606                           
   607                           ;lab2.c: 141:         if (eADC == 1){
   608  00C6  0377               	decf	_eADC,w
   609  00C7  1D03               	btfss	3,2
   610  00C8  28CA               	goto	u331
   611  00C9  28CB               	goto	u330
   612  00CA                     u331:	
   613  00CA  28D4               	goto	l1124
   614  00CB                     u330:	
   615  00CB                     l1118:	
   616                           
   617                           ;lab2.c: 142:             eADC =0;
   618  00CB  01F7               	clrf	_eADC
   619  00CC                     l1120:	
   620                           
   621                           ;lab2.c: 143:             conversion = ADRESH;
   622  00CC  081E               	movf	30,w	;volatile
   623  00CD  00B2               	movwf	??_main
   624  00CE  01B3               	clrf	??_main+1
   625  00CF  0832               	movf	??_main,w
   626  00D0  00F4               	movwf	_conversion
   627  00D1  0833               	movf	??_main+1,w
   628  00D2  00F5               	movwf	_conversion+1
   629  00D3                     l1122:	
   630                           
   631                           ;lab2.c: 144:             ADCON0bits.GO_DONE = 1;}
   632  00D3  149F               	bsf	31,1	;volatile
   633  00D4                     l1124:	
   634                           
   635                           ;lab2.c: 145:         if (eTMR0 == 1){
   636  00D4  0376               	decf	_eTMR0,w
   637  00D5  1D03               	btfss	3,2
   638  00D6  28D8               	goto	u341
   639  00D7  28D9               	goto	u340
   640  00D8                     u341:	
   641  00D8  28A5               	goto	l100
   642  00D9                     u340:	
   643  00D9                     l1126:	
   644                           
   645                           ;lab2.c: 146:             if (multi == 0){valorsevenseg();}
   646  00D9  0870               	movf	_multi,w
   647  00DA  0471               	iorwf	_multi+1,w
   648  00DB  1D03               	btfss	3,2
   649  00DC  28DE               	goto	u351
   650  00DD  28DF               	goto	u350
   651  00DE                     u351:	
   652  00DE  28E5               	goto	l1130
   653  00DF                     u350:	
   654  00DF                     l1128:	
   655  00DF  120A  118A  2187  120A  118A  	fcall	_valorsevenseg
   656  00E4  28EA               	goto	l1132
   657  00E5                     l1130:	
   658  00E5  120A  118A  2163  120A  118A  	fcall	_valorsevenseg2
   659  00EA                     l1132:	
   660                           
   661                           ;lab2.c: 148:             multi++;
   662  00EA  3001               	movlw	1
   663  00EB  07F0               	addwf	_multi,f
   664  00EC  1803               	skipnc
   665  00ED  0AF1               	incf	_multi+1,f
   666  00EE  3000               	movlw	0
   667  00EF  07F1               	addwf	_multi+1,f
   668  00F0                     l1134:	
   669                           
   670                           ;lab2.c: 149:             if (multi>1){multi = 0;}
   671  00F0  0871               	movf	_multi+1,w
   672  00F1  3A80               	xorlw	128
   673  00F2  00FF               	movwf	btemp+1
   674  00F3  3080               	movlw	128
   675  00F4  027F               	subwf	btemp+1,w
   676  00F5  1D03               	skipz
   677  00F6  28F9               	goto	u365
   678  00F7  3002               	movlw	2
   679  00F8  0270               	subwf	_multi,w
   680  00F9                     u365:	
   681  00F9  1C03               	skipc
   682  00FA  28FC               	goto	u361
   683  00FB  28FD               	goto	u360
   684  00FC                     u361:	
   685  00FC  28FF               	goto	l107
   686  00FD                     u360:	
   687  00FD                     l1136:	
   688  00FD  01F0               	clrf	_multi
   689  00FE  01F1               	clrf	_multi+1
   690  00FF                     l107:	
   691                           
   692                           ;lab2.c: 150:             eTMR0 = 0;}
   693  00FF  01F6               	clrf	_eTMR0
   694  0100  28A5               	goto	l100
   695  0101  120A  118A  280C   	ljmp	start
   696  0104                     __end_of_main:	
   697                           
   698                           	psect	text1
   699  0163                     __ptext1:	
   700 ;; *************** function _valorsevenseg2 *****************
   701 ;; Defined at:
   702 ;;		line 93 in file "lab2.c"
   703 ;; Parameters:    Size  Location     Type
   704 ;;		None
   705 ;; Auto vars:     Size  Location     Type
   706 ;;		None
   707 ;; Return value:  Size  Location     Type
   708 ;;                  1    wreg      void 
   709 ;; Registers used:
   710 ;;		wreg, fsr0l, fsr0h, status,2, status,0, pclath, cstack
   711 ;; Tracked objects:
   712 ;;		On entry : 0/0
   713 ;;		On exit  : 0/0
   714 ;;		Unchanged: 0/0
   715 ;; Data sizes:     COMMON   BANK0   BANK1   BANK3   BANK2
   716 ;;      Params:         0       0       0       0       0
   717 ;;      Locals:         0       0       0       0       0
   718 ;;      Temps:          0       0       0       0       0
   719 ;;      Totals:         0       0       0       0       0
   720 ;;Total ram usage:        0 bytes
   721 ;; Hardware stack levels used:    1
   722 ;; Hardware stack levels required when called:    2
   723 ;; This function calls:
   724 ;;		_sevenseg
   725 ;; This function is called by:
   726 ;;		_main
   727 ;; This function uses a non-reentrant model
   728 ;;
   729                           
   730                           
   731                           ;psect for function _valorsevenseg2
   732  0163                     _valorsevenseg2:	
   733  0163                     l988:	
   734                           ;incstack = 0
   735                           ; Regs used in _valorsevenseg2: [wreg-fsr0h+status,2+status,0+pclath+cstack]
   736                           
   737                           
   738                           ;lab2.c: 94:     PORTC = 0b00000000;
   739  0163  1283               	bcf	3,5	;RP0=0, select bank0
   740  0164  1303               	bcf	3,6	;RP1=0, select bank0
   741  0165  0187               	clrf	7	;volatile
   742  0166                     l990:	
   743                           
   744                           ;lab2.c: 95:     valor2 = conversion & 0b11110000;
   745  0166  30F0               	movlw	240
   746  0167  0574               	andwf	_conversion,w
   747  0168  00F2               	movwf	_valor2
   748  0169  3000               	movlw	0
   749  016A  0575               	andwf	_conversion+1,w
   750  016B  00F3               	movwf	_valor2+1
   751  016C                     l992:	
   752                           
   753                           ;lab2.c: 96:     valor2 = valor2>>4;
   754  016C  0E72               	swapf	_valor2,w
   755  016D  390F               	andlw	15
   756  016E  00F2               	movwf	_valor2
   757  016F  0E73               	swapf	_valor2+1,w
   758  0170  39F0               	andlw	240
   759  0171  04F2               	iorwf	_valor2,f
   760  0172  0E73               	swapf	_valor2+1,w
   761  0173  390F               	andlw	15
   762  0174  00F3               	movwf	_valor2+1
   763  0175  30F0               	movlw	240
   764  0176  1DF3               	btfss	_valor2+1,3
   765  0177  3000               	movlw	0
   766  0178  04F3               	iorwf	_valor2+1,f
   767  0179                     l994:	
   768                           
   769                           ;lab2.c: 97:     sevenseg(valor2);
   770  0179  0873               	movf	_valor2+1,w
   771  017A  00FB               	movwf	sevenseg@valor+1
   772  017B  0872               	movf	_valor2,w
   773  017C  00FA               	movwf	sevenseg@valor
   774  017D  120A  118A  2024  120A  118A  	fcall	_sevenseg
   775  0182                     l996:	
   776                           
   777                           ;lab2.c: 98:     PORTDbits.RD0 = 1;
   778  0182  1283               	bcf	3,5	;RP0=0, select bank0
   779  0183  1303               	bcf	3,6	;RP1=0, select bank0
   780  0184  1408               	bsf	8,0	;volatile
   781  0185                     l998:	
   782                           
   783                           ;lab2.c: 99:     PORTDbits.RD1 = 0;
   784  0185  1088               	bcf	8,1	;volatile
   785  0186                     l92:	
   786  0186  0008               	return
   787  0187                     __end_of_valorsevenseg2:	
   788                           
   789                           	psect	text2
   790  0187                     __ptext2:	
   791 ;; *************** function _valorsevenseg *****************
   792 ;; Defined at:
   793 ;;		line 83 in file "lab2.c"
   794 ;; Parameters:    Size  Location     Type
   795 ;;		None
   796 ;; Auto vars:     Size  Location     Type
   797 ;;		None
   798 ;; Return value:  Size  Location     Type
   799 ;;                  1    wreg      void 
   800 ;; Registers used:
   801 ;;		wreg, fsr0l, fsr0h, status,2, status,0, pclath, cstack
   802 ;; Tracked objects:
   803 ;;		On entry : 0/0
   804 ;;		On exit  : 0/0
   805 ;;		Unchanged: 0/0
   806 ;; Data sizes:     COMMON   BANK0   BANK1   BANK3   BANK2
   807 ;;      Params:         0       0       0       0       0
   808 ;;      Locals:         0       0       0       0       0
   809 ;;      Temps:          0       0       0       0       0
   810 ;;      Totals:         0       0       0       0       0
   811 ;;Total ram usage:        0 bytes
   812 ;; Hardware stack levels used:    1
   813 ;; Hardware stack levels required when called:    2
   814 ;; This function calls:
   815 ;;		_sevenseg
   816 ;; This function is called by:
   817 ;;		_main
   818 ;; This function uses a non-reentrant model
   819 ;;
   820                           
   821                           
   822                           ;psect for function _valorsevenseg
   823  0187                     _valorsevenseg:	
   824  0187                     l978:	
   825                           ;incstack = 0
   826                           ; Regs used in _valorsevenseg: [wreg-fsr0h+status,2+status,0+pclath+cstack]
   827                           
   828                           
   829                           ;lab2.c: 84:     PORTC= 0b00000000;
   830  0187  1283               	bcf	3,5	;RP0=0, select bank0
   831  0188  1303               	bcf	3,6	;RP1=0, select bank0
   832  0189  0187               	clrf	7	;volatile
   833  018A                     l980:	
   834                           
   835                           ;lab2.c: 85:     valor1 = conversion & 0b00001111;
   836  018A  300F               	movlw	15
   837  018B  0574               	andwf	_conversion,w
   838  018C  00A8               	movwf	_valor1
   839  018D  3000               	movlw	0
   840  018E  0575               	andwf	_conversion+1,w
   841  018F  00A9               	movwf	_valor1+1
   842  0190                     l982:	
   843                           
   844                           ;lab2.c: 86:     sevenseg(valor1);
   845  0190  0829               	movf	_valor1+1,w
   846  0191  00FB               	movwf	sevenseg@valor+1
   847  0192  0828               	movf	_valor1,w
   848  0193  00FA               	movwf	sevenseg@valor
   849  0194  120A  118A  2024  120A  118A  	fcall	_sevenseg
   850  0199                     l984:	
   851                           
   852                           ;lab2.c: 87:     PORTDbits.RD0 = 0;
   853  0199  1283               	bcf	3,5	;RP0=0, select bank0
   854  019A  1303               	bcf	3,6	;RP1=0, select bank0
   855  019B  1008               	bcf	8,0	;volatile
   856  019C                     l986:	
   857                           
   858                           ;lab2.c: 88:     PORTDbits.RD1 = 1;
   859  019C  1488               	bsf	8,1	;volatile
   860  019D                     l89:	
   861  019D  0008               	return
   862  019E                     __end_of_valorsevenseg:	
   863                           
   864                           	psect	text3
   865  0024                     __ptext3:	
   866 ;; *************** function _sevenseg *****************
   867 ;; Defined at:
   868 ;;		line 3 in file "SEVENSEGS.c"
   869 ;; Parameters:    Size  Location     Type
   870 ;;  valor           2    2[COMMON] int 
   871 ;; Auto vars:     Size  Location     Type
   872 ;;		None
   873 ;; Return value:  Size  Location     Type
   874 ;;                  1    wreg      void 
   875 ;; Registers used:
   876 ;;		wreg, fsr0l, fsr0h, status,2, status,0
   877 ;; Tracked objects:
   878 ;;		On entry : 0/0
   879 ;;		On exit  : 0/0
   880 ;;		Unchanged: 0/0
   881 ;; Data sizes:     COMMON   BANK0   BANK1   BANK3   BANK2
   882 ;;      Params:         2       0       0       0       0
   883 ;;      Locals:         0       0       0       0       0
   884 ;;      Temps:          0       0       0       0       0
   885 ;;      Totals:         2       0       0       0       0
   886 ;;Total ram usage:        2 bytes
   887 ;; Hardware stack levels used:    1
   888 ;; Hardware stack levels required when called:    1
   889 ;; This function calls:
   890 ;;		Nothing
   891 ;; This function is called by:
   892 ;;		_valorsevenseg
   893 ;;		_valorsevenseg2
   894 ;; This function uses a non-reentrant model
   895 ;;
   896                           
   897                           
   898                           ;psect for function _sevenseg
   899  0024                     _sevenseg:	
   900  0024                     l936:	
   901                           ;incstack = 0
   902                           ; Regs used in _sevenseg: [wreg-fsr0h+status,2+status,0]
   903                           
   904                           
   905                           ;SEVENSEGS.c: 4:     switch (valor){
   906  0024  2870               	goto	l972
   907  0025                     l938:	
   908                           
   909                           ;SEVENSEGS.c: 6:             PORTC = 0x28;
   910  0025  3028               	movlw	40
   911  0026  1283               	bcf	3,5	;RP0=0, select bank0
   912  0027  1303               	bcf	3,6	;RP1=0, select bank0
   913  0028  0087               	movwf	7	;volatile
   914                           
   915                           ;SEVENSEGS.c: 7:             break;
   916  0029  28A4               	goto	l135
   917  002A                     l940:	
   918                           
   919                           ;SEVENSEGS.c: 9:             PORTC = 0xCD;
   920  002A  30CD               	movlw	205
   921  002B  1283               	bcf	3,5	;RP0=0, select bank0
   922  002C  1303               	bcf	3,6	;RP1=0, select bank0
   923  002D  0087               	movwf	7	;volatile
   924                           
   925                           ;SEVENSEGS.c: 10:             break;
   926  002E  28A4               	goto	l135
   927  002F                     l942:	
   928                           
   929                           ;SEVENSEGS.c: 12:             PORTC = 0x6D;
   930  002F  306D               	movlw	109
   931  0030  1283               	bcf	3,5	;RP0=0, select bank0
   932  0031  1303               	bcf	3,6	;RP1=0, select bank0
   933  0032  0087               	movwf	7	;volatile
   934                           
   935                           ;SEVENSEGS.c: 13:             break;
   936  0033  28A4               	goto	l135
   937  0034                     l944:	
   938                           
   939                           ;SEVENSEGS.c: 15:             PORTC = 0x2B;
   940  0034  302B               	movlw	43
   941  0035  1283               	bcf	3,5	;RP0=0, select bank0
   942  0036  1303               	bcf	3,6	;RP1=0, select bank0
   943  0037  0087               	movwf	7	;volatile
   944                           
   945                           ;SEVENSEGS.c: 16:             break;
   946  0038  28A4               	goto	l135
   947  0039                     l946:	
   948                           
   949                           ;SEVENSEGS.c: 18:             PORTC = 0x67;
   950  0039  3067               	movlw	103
   951  003A  1283               	bcf	3,5	;RP0=0, select bank0
   952  003B  1303               	bcf	3,6	;RP1=0, select bank0
   953  003C  0087               	movwf	7	;volatile
   954                           
   955                           ;SEVENSEGS.c: 19:             break;
   956  003D  28A4               	goto	l135
   957  003E                     l948:	
   958                           
   959                           ;SEVENSEGS.c: 21:             PORTC = 0xE7;
   960  003E  30E7               	movlw	231
   961  003F  1283               	bcf	3,5	;RP0=0, select bank0
   962  0040  1303               	bcf	3,6	;RP1=0, select bank0
   963  0041  0087               	movwf	7	;volatile
   964                           
   965                           ;SEVENSEGS.c: 22:             break;
   966  0042  28A4               	goto	l135
   967  0043                     l950:	
   968                           
   969                           ;SEVENSEGS.c: 24:             PORTC = 0x2D;
   970  0043  302D               	movlw	45
   971  0044  1283               	bcf	3,5	;RP0=0, select bank0
   972  0045  1303               	bcf	3,6	;RP1=0, select bank0
   973  0046  0087               	movwf	7	;volatile
   974                           
   975                           ;SEVENSEGS.c: 25:             break;
   976  0047  28A4               	goto	l135
   977  0048                     l952:	
   978                           
   979                           ;SEVENSEGS.c: 27:             PORTC = 0xEF;
   980  0048  30EF               	movlw	239
   981  0049  1283               	bcf	3,5	;RP0=0, select bank0
   982  004A  1303               	bcf	3,6	;RP1=0, select bank0
   983  004B  0087               	movwf	7	;volatile
   984                           
   985                           ;SEVENSEGS.c: 28:             break;
   986  004C  28A4               	goto	l135
   987  004D                     l954:	
   988                           
   989                           ;SEVENSEGS.c: 30:             PORTC = 0x6F;
   990  004D  306F               	movlw	111
   991  004E  1283               	bcf	3,5	;RP0=0, select bank0
   992  004F  1303               	bcf	3,6	;RP1=0, select bank0
   993  0050  0087               	movwf	7	;volatile
   994                           
   995                           ;SEVENSEGS.c: 31:             break;
   996  0051  28A4               	goto	l135
   997  0052                     l956:	
   998                           
   999                           ;SEVENSEGS.c: 33:             PORTC = 0xAF;
  1000  0052  30AF               	movlw	175
  1001  0053  1283               	bcf	3,5	;RP0=0, select bank0
  1002  0054  1303               	bcf	3,6	;RP1=0, select bank0
  1003  0055  0087               	movwf	7	;volatile
  1004                           
  1005                           ;SEVENSEGS.c: 34:             break;
  1006  0056  28A4               	goto	l135
  1007  0057                     l958:	
  1008                           
  1009                           ;SEVENSEGS.c: 36:             PORTC = 0xE3;
  1010  0057  30E3               	movlw	227
  1011  0058  1283               	bcf	3,5	;RP0=0, select bank0
  1012  0059  1303               	bcf	3,6	;RP1=0, select bank0
  1013  005A  0087               	movwf	7	;volatile
  1014                           
  1015                           ;SEVENSEGS.c: 37:             break;
  1016  005B  28A4               	goto	l135
  1017  005C                     l960:	
  1018                           
  1019                           ;SEVENSEGS.c: 39:             PORTC = 0xC6;
  1020  005C  30C6               	movlw	198
  1021  005D  1283               	bcf	3,5	;RP0=0, select bank0
  1022  005E  1303               	bcf	3,6	;RP1=0, select bank0
  1023  005F  0087               	movwf	7	;volatile
  1024                           
  1025                           ;SEVENSEGS.c: 40:             break;
  1026  0060  28A4               	goto	l135
  1027  0061                     l962:	
  1028                           
  1029                           ;SEVENSEGS.c: 42:             PORTC = 0xE9;
  1030  0061  30E9               	movlw	233
  1031  0062  1283               	bcf	3,5	;RP0=0, select bank0
  1032  0063  1303               	bcf	3,6	;RP1=0, select bank0
  1033  0064  0087               	movwf	7	;volatile
  1034                           
  1035                           ;SEVENSEGS.c: 43:             break;
  1036  0065  28A4               	goto	l135
  1037  0066                     l964:	
  1038                           
  1039                           ;SEVENSEGS.c: 45:             PORTC = 0xC7;
  1040  0066  30C7               	movlw	199
  1041  0067  1283               	bcf	3,5	;RP0=0, select bank0
  1042  0068  1303               	bcf	3,6	;RP1=0, select bank0
  1043  0069  0087               	movwf	7	;volatile
  1044                           
  1045                           ;SEVENSEGS.c: 46:             break;
  1046  006A  28A4               	goto	l135
  1047  006B                     l966:	
  1048                           
  1049                           ;SEVENSEGS.c: 48:             PORTC = 0x87;
  1050  006B  3087               	movlw	135
  1051  006C  1283               	bcf	3,5	;RP0=0, select bank0
  1052  006D  1303               	bcf	3,6	;RP1=0, select bank0
  1053  006E  0087               	movwf	7	;volatile
  1054                           
  1055                           ;SEVENSEGS.c: 49:             break;
  1056  006F  28A4               	goto	l135
  1057  0070                     l972:	
  1058                           
  1059                           ; Switch on 2 bytes has been partitioned into a top level switch of size 1, and 1 sub-sw
      +                          itches
  1060                           ; Switch size 1, requested type "simple"
  1061                           ; Number of cases is 1, Range of values is 0 to 0
  1062                           ; switch strategies available:
  1063                           ; Name         Instructions Cycles
  1064                           ; simple_byte            4     3 (average)
  1065                           ; direct_byte           11     8 (fixed)
  1066                           ; jumptable            260     6 (fixed)
  1067                           ;	Chosen strategy is simple_byte
  1068  0070  087B               	movf	sevenseg@valor+1,w
  1069  0071  3A00               	xorlw	0	; case 0
  1070  0072  1903               	skipnz
  1071  0073  2875               	goto	l1158
  1072  0074  2848               	goto	l952
  1073  0075                     l1158:	
  1074                           
  1075                           ; Switch size 1, requested type "simple"
  1076                           ; Number of cases is 15, Range of values is 1 to 15
  1077                           ; switch strategies available:
  1078                           ; Name         Instructions Cycles
  1079                           ; simple_byte           46    24 (average)
  1080                           ; direct_byte           56    11 (fixed)
  1081                           ; jumptable            263     9 (fixed)
  1082                           ;	Chosen strategy is simple_byte
  1083  0075  087A               	movf	sevenseg@valor,w
  1084  0076  3A01               	xorlw	1	; case 1
  1085  0077  1903               	skipnz
  1086  0078  2825               	goto	l938
  1087  0079  3A03               	xorlw	3	; case 2
  1088  007A  1903               	skipnz
  1089  007B  282A               	goto	l940
  1090  007C  3A01               	xorlw	1	; case 3
  1091  007D  1903               	skipnz
  1092  007E  282F               	goto	l942
  1093  007F  3A07               	xorlw	7	; case 4
  1094  0080  1903               	skipnz
  1095  0081  2834               	goto	l944
  1096  0082  3A01               	xorlw	1	; case 5
  1097  0083  1903               	skipnz
  1098  0084  2839               	goto	l946
  1099  0085  3A03               	xorlw	3	; case 6
  1100  0086  1903               	skipnz
  1101  0087  283E               	goto	l948
  1102  0088  3A01               	xorlw	1	; case 7
  1103  0089  1903               	skipnz
  1104  008A  2843               	goto	l950
  1105  008B  3A0F               	xorlw	15	; case 8
  1106  008C  1903               	skipnz
  1107  008D  2848               	goto	l952
  1108  008E  3A01               	xorlw	1	; case 9
  1109  008F  1903               	skipnz
  1110  0090  284D               	goto	l954
  1111  0091  3A03               	xorlw	3	; case 10
  1112  0092  1903               	skipnz
  1113  0093  2852               	goto	l956
  1114  0094  3A01               	xorlw	1	; case 11
  1115  0095  1903               	skipnz
  1116  0096  2857               	goto	l958
  1117  0097  3A07               	xorlw	7	; case 12
  1118  0098  1903               	skipnz
  1119  0099  285C               	goto	l960
  1120  009A  3A01               	xorlw	1	; case 13
  1121  009B  1903               	skipnz
  1122  009C  2861               	goto	l962
  1123  009D  3A03               	xorlw	3	; case 14
  1124  009E  1903               	skipnz
  1125  009F  2866               	goto	l964
  1126  00A0  3A01               	xorlw	1	; case 15
  1127  00A1  1903               	skipnz
  1128  00A2  286B               	goto	l966
  1129  00A3  2848               	goto	l952
  1130  00A4                     l135:	
  1131  00A4  0008               	return
  1132  00A5                     __end_of_sevenseg:	
  1133                           
  1134                           	psect	text4
  1135  0134                     __ptext4:	
  1136 ;; *************** function _sett *****************
  1137 ;; Defined at:
  1138 ;;		line 104 in file "lab2.c"
  1139 ;; Parameters:    Size  Location     Type
  1140 ;;		None
  1141 ;; Auto vars:     Size  Location     Type
  1142 ;;		None
  1143 ;; Return value:  Size  Location     Type
  1144 ;;                  1    wreg      void 
  1145 ;; Registers used:
  1146 ;;		wreg, status,2
  1147 ;; Tracked objects:
  1148 ;;		On entry : 0/0
  1149 ;;		On exit  : 0/0
  1150 ;;		Unchanged: 0/0
  1151 ;; Data sizes:     COMMON   BANK0   BANK1   BANK3   BANK2
  1152 ;;      Params:         0       0       0       0       0
  1153 ;;      Locals:         0       0       0       0       0
  1154 ;;      Temps:          0       0       0       0       0
  1155 ;;      Totals:         0       0       0       0       0
  1156 ;;Total ram usage:        0 bytes
  1157 ;; Hardware stack levels used:    1
  1158 ;; Hardware stack levels required when called:    1
  1159 ;; This function calls:
  1160 ;;		Nothing
  1161 ;; This function is called by:
  1162 ;;		_main
  1163 ;; This function uses a non-reentrant model
  1164 ;;
  1165                           
  1166                           
  1167                           ;psect for function _sett
  1168  0134                     _sett:	
  1169  0134                     l1000:	
  1170                           ;incstack = 0
  1171                           ; Regs used in _sett: [wreg+status,2]
  1172                           
  1173                           
  1174                           ;lab2.c: 105:     TRISBbits.TRISB7=1;
  1175  0134  1683               	bsf	3,5	;RP0=1, select bank1
  1176  0135  1303               	bcf	3,6	;RP1=0, select bank1
  1177  0136  1786               	bsf	6,7	;volatile
  1178                           
  1179                           ;lab2.c: 106:     TRISBbits.TRISB1=1;
  1180  0137  1486               	bsf	6,1	;volatile
  1181  0138                     l1002:	
  1182                           
  1183                           ;lab2.c: 107:     ANSEL = 0;
  1184  0138  1683               	bsf	3,5	;RP0=1, select bank3
  1185  0139  1703               	bsf	3,6	;RP1=1, select bank3
  1186  013A  0188               	clrf	8	;volatile
  1187                           
  1188                           ;lab2.c: 108:     TRISA = 0;
  1189  013B  1683               	bsf	3,5	;RP0=1, select bank1
  1190  013C  1303               	bcf	3,6	;RP1=0, select bank1
  1191  013D  0185               	clrf	5	;volatile
  1192                           
  1193                           ;lab2.c: 109:     TRISC = 0;
  1194  013E  0187               	clrf	7	;volatile
  1195                           
  1196                           ;lab2.c: 110:     TRISD = 0;
  1197  013F  0188               	clrf	8	;volatile
  1198  0140                     l1004:	
  1199                           
  1200                           ;lab2.c: 111:     TRISE = 0b0001;
  1201  0140  3001               	movlw	1
  1202  0141  0089               	movwf	9	;volatile
  1203  0142                     l1006:	
  1204                           
  1205                           ;lab2.c: 112:     PORTA = 0;
  1206  0142  1283               	bcf	3,5	;RP0=0, select bank0
  1207  0143  1303               	bcf	3,6	;RP1=0, select bank0
  1208  0144  0185               	clrf	5	;volatile
  1209  0145                     l1008:	
  1210                           
  1211                           ;lab2.c: 113:     PORTC = 0;
  1212  0145  0187               	clrf	7	;volatile
  1213  0146                     l1010:	
  1214                           
  1215                           ;lab2.c: 114:     PORTD = 0;
  1216  0146  0188               	clrf	8	;volatile
  1217  0147                     l1012:	
  1218                           
  1219                           ;lab2.c: 115:     OPTION_REGbits.T0CS =0;
  1220  0147  1683               	bsf	3,5	;RP0=1, select bank1
  1221  0148  1303               	bcf	3,6	;RP1=0, select bank1
  1222  0149  1281               	bcf	1,5	;volatile
  1223  014A                     l1014:	
  1224                           
  1225                           ;lab2.c: 116:     OPTION_REGbits.PSA =0;
  1226  014A  1181               	bcf	1,3	;volatile
  1227  014B                     l1016:	
  1228                           
  1229                           ;lab2.c: 117:     OPTION_REGbits.PS0 =0;
  1230  014B  1001               	bcf	1,0	;volatile
  1231  014C                     l1018:	
  1232                           
  1233                           ;lab2.c: 118:     OPTION_REGbits.PS1 =1;
  1234  014C  1481               	bsf	1,1	;volatile
  1235  014D                     l1020:	
  1236                           
  1237                           ;lab2.c: 119:     OPTION_REGbits.PS2 =0;
  1238  014D  1101               	bcf	1,2	;volatile
  1239                           
  1240                           ;lab2.c: 120:     TMR0 = 125;
  1241  014E  307D               	movlw	125
  1242  014F  1283               	bcf	3,5	;RP0=0, select bank0
  1243  0150  1303               	bcf	3,6	;RP1=0, select bank0
  1244  0151  0081               	movwf	1	;volatile
  1245  0152                     l1022:	
  1246                           
  1247                           ;lab2.c: 121:     INTCONbits.T0IE = 1;
  1248  0152  168B               	bsf	11,5	;volatile
  1249  0153                     l1024:	
  1250                           
  1251                           ;lab2.c: 122:     INTCONbits.T0IF = 0;
  1252  0153  110B               	bcf	11,2	;volatile
  1253  0154                     l1026:	
  1254                           
  1255                           ;lab2.c: 124:     PIE1bits.ADIE = 1;
  1256  0154  1683               	bsf	3,5	;RP0=1, select bank1
  1257  0155  1303               	bcf	3,6	;RP1=0, select bank1
  1258  0156  170C               	bsf	12,6	;volatile
  1259  0157                     l1028:	
  1260                           
  1261                           ;lab2.c: 125:     PIR1bits.ADIF = 0;
  1262  0157  1283               	bcf	3,5	;RP0=0, select bank0
  1263  0158  1303               	bcf	3,6	;RP1=0, select bank0
  1264  0159  130C               	bcf	12,6	;volatile
  1265                           
  1266                           ;lab2.c: 126:     ADCON0 = 0b01010101;
  1267  015A  3055               	movlw	85
  1268  015B  009F               	movwf	31	;volatile
  1269  015C                     l1030:	
  1270                           
  1271                           ;lab2.c: 127:     ADCON1 = 0;
  1272  015C  1683               	bsf	3,5	;RP0=1, select bank1
  1273  015D  1303               	bcf	3,6	;RP1=0, select bank1
  1274  015E  019F               	clrf	31	;volatile
  1275  015F                     l1032:	
  1276                           
  1277                           ;lab2.c: 128:     ADCON0bits.GO_DONE=1;
  1278  015F  1283               	bcf	3,5	;RP0=0, select bank0
  1279  0160  1303               	bcf	3,6	;RP1=0, select bank0
  1280  0161  149F               	bsf	31,1	;volatile
  1281  0162                     l95:	
  1282  0162  0008               	return
  1283  0163                     __end_of_sett:	
  1284                           
  1285                           	psect	text5
  1286  0104                     __ptext5:	
  1287 ;; *************** function _isr *****************
  1288 ;; Defined at:
  1289 ;;		line 50 in file "lab2.c"
  1290 ;; Parameters:    Size  Location     Type
  1291 ;;		None
  1292 ;; Auto vars:     Size  Location     Type
  1293 ;;		None
  1294 ;; Return value:  Size  Location     Type
  1295 ;;                  1    wreg      void 
  1296 ;; Registers used:
  1297 ;;		wreg
  1298 ;; Tracked objects:
  1299 ;;		On entry : 0/0
  1300 ;;		On exit  : 0/0
  1301 ;;		Unchanged: 0/0
  1302 ;; Data sizes:     COMMON   BANK0   BANK1   BANK3   BANK2
  1303 ;;      Params:         0       0       0       0       0
  1304 ;;      Locals:         0       0       0       0       0
  1305 ;;      Temps:          2       0       0       0       0
  1306 ;;      Totals:         2       0       0       0       0
  1307 ;;Total ram usage:        2 bytes
  1308 ;; Hardware stack levels used:    1
  1309 ;; This function calls:
  1310 ;;		Nothing
  1311 ;; This function is called by:
  1312 ;;		Interrupt level 1
  1313 ;; This function uses a non-reentrant model
  1314 ;;
  1315                           
  1316                           
  1317                           ;psect for function _isr
  1318  0104                     _isr:	
  1319  0104                     i1l1034:	
  1320                           
  1321                           ;lab2.c: 52:     if(INTCONbits.RBIF == 1){
  1322  0104  1C0B               	btfss	11,0	;volatile
  1323  0105  2907               	goto	u16_21
  1324  0106  2908               	goto	u16_20
  1325  0107                     u16_21:	
  1326  0107  291B               	goto	i1l1046
  1327  0108                     u16_20:	
  1328  0108                     i1l1036:	
  1329                           
  1330                           ;lab2.c: 53:         if (PORTBbits.RB7 == 0){
  1331  0108  1283               	bcf	3,5	;RP0=0, select bank0
  1332  0109  1303               	bcf	3,6	;RP1=0, select bank0
  1333  010A  1B86               	btfsc	6,7	;volatile
  1334  010B  290D               	goto	u17_21
  1335  010C  290E               	goto	u17_20
  1336  010D                     u17_21:	
  1337  010D  2912               	goto	i1l1040
  1338  010E                     u17_20:	
  1339  010E                     i1l1038:	
  1340                           
  1341                           ;lab2.c: 54:             press1 = 1;}
  1342  010E  3001               	movlw	1
  1343  010F  00B0               	movwf	_press1
  1344  0110  3000               	movlw	0
  1345  0111  00B1               	movwf	_press1+1
  1346  0112                     i1l1040:	
  1347                           
  1348                           ;lab2.c: 55:         if (PORTBbits.RB1 == 0){
  1349  0112  1886               	btfsc	6,1	;volatile
  1350  0113  2915               	goto	u18_21
  1351  0114  2916               	goto	u18_20
  1352  0115                     u18_21:	
  1353  0115  291A               	goto	i1l1044
  1354  0116                     u18_20:	
  1355  0116                     i1l1042:	
  1356                           
  1357                           ;lab2.c: 56:             press2 = 1;}
  1358  0116  3001               	movlw	1
  1359  0117  00AE               	movwf	_press2
  1360  0118  3000               	movlw	0
  1361  0119  00AF               	movwf	_press2+1
  1362  011A                     i1l1044:	
  1363                           
  1364                           ;lab2.c: 57:         INTCONbits.RBIF = 0;
  1365  011A  100B               	bcf	11,0	;volatile
  1366  011B                     i1l1046:	
  1367                           
  1368                           ;lab2.c: 61:     if (ADCON0bits.GO_DONE == 0){
  1369  011B  1283               	bcf	3,5	;RP0=0, select bank0
  1370  011C  1303               	bcf	3,6	;RP1=0, select bank0
  1371  011D  189F               	btfsc	31,1	;volatile
  1372  011E  2920               	goto	u19_21
  1373  011F  2921               	goto	u19_20
  1374  0120                     u19_21:	
  1375  0120  2924               	goto	i1l76
  1376  0121                     u19_20:	
  1377  0121                     i1l1048:	
  1378                           
  1379                           ;lab2.c: 62:        eADC = 1;
  1380  0121  01F7               	clrf	_eADC
  1381  0122  0AF7               	incf	_eADC,f
  1382                           
  1383                           ;lab2.c: 63:        PIR1bits.ADIF =0;
  1384  0123  130C               	bcf	12,6	;volatile
  1385  0124                     i1l76:	
  1386                           ;lab2.c: 64:     }
  1387                           
  1388                           
  1389                           ;lab2.c: 66:      if (INTCONbits.T0IF == 1) {
  1390  0124  1D0B               	btfss	11,2	;volatile
  1391  0125  2927               	goto	u20_21
  1392  0126  2928               	goto	u20_20
  1393  0127                     u20_21:	
  1394  0127  292D               	goto	i1l78
  1395  0128                     u20_20:	
  1396  0128                     i1l1050:	
  1397                           
  1398                           ;lab2.c: 67:         eTMR0 = 1;
  1399  0128  01F6               	clrf	_eTMR0
  1400  0129  0AF6               	incf	_eTMR0,f
  1401                           
  1402                           ;lab2.c: 68:         INTCONbits.T0IF = 0;
  1403  012A  110B               	bcf	11,2	;volatile
  1404  012B                     i1l1052:	
  1405                           
  1406                           ;lab2.c: 69:         TMR0 = 125;}}
  1407  012B  307D               	movlw	125
  1408  012C  0081               	movwf	1	;volatile
  1409  012D                     i1l78:	
  1410  012D  0879               	movf	??_isr+1,w
  1411  012E  008A               	movwf	10
  1412  012F  0E78               	swapf	??_isr^(0+4294967168),w
  1413  0130  0083               	movwf	3
  1414  0131  0EFE               	swapf	btemp,f
  1415  0132  0E7E               	swapf	btemp,w
  1416  0133  0009               	retfie
  1417  0134                     __end_of_isr:	
  1418  007E                     btemp	set	126	;btemp
  1419  007E                     wtemp0	set	126
  1420                           
  1421                           	psect	intentry
  1422  0004                     __pintentry:	
  1423                           ;incstack = 0
  1424                           ; Regs used in _isr: [wreg]
  1425                           
  1426  0004                     interrupt_function:	
  1427  007E                     saved_w	set	btemp
  1428  0004  00FE               	movwf	btemp
  1429  0005  0E03               	swapf	3,w
  1430  0006  00F8               	movwf	??_isr
  1431  0007  080A               	movf	10,w
  1432  0008  00F9               	movwf	??_isr+1
  1433  0009  120A  118A  2904   	ljmp	_isr


Data Sizes:
    Strings     0
    Constant    0
    Data        0
    BSS         26
    Persistent  0
    Stack       0

Auto Spaces:
    Space          Size  Autos    Used
    COMMON           14      4      12
    BANK0            80      2      20
    BANK1            80      0       0
    BANK3            96      0       0
    BANK2            96      0       0

Pointer List with Targets:

    None.

Critical Paths under _main in COMMON

    _valorsevenseg2->_sevenseg
    _valorsevenseg->_sevenseg

Critical Paths under _isr in COMMON

    None.

Critical Paths under _main in BANK0

    None.

Critical Paths under _isr in BANK0

    None.

Critical Paths under _main in BANK1

    None.

Critical Paths under _isr in BANK1

    None.

Critical Paths under _main in BANK3

    None.

Critical Paths under _isr in BANK3

    None.

Critical Paths under _main in BANK2

    None.

Critical Paths under _isr in BANK2

    None.

Call Graph Tables:

 ---------------------------------------------------------------------------------
 (Depth) Function   	        Calls       Base Space   Used Autos Params    Refs
 ---------------------------------------------------------------------------------
 (0) _main                                                 2     2      0     348
                                              0 BANK0      2     2      0
                               _sett
                      _valorsevenseg
                     _valorsevenseg2
 ---------------------------------------------------------------------------------
 (1) _valorsevenseg2                                       0     0      0     174
                           _sevenseg
 ---------------------------------------------------------------------------------
 (1) _valorsevenseg                                        0     0      0     174
                           _sevenseg
 ---------------------------------------------------------------------------------
 (2) _sevenseg                                             2     0      2     174
                                              2 COMMON     2     0      2
 ---------------------------------------------------------------------------------
 (1) _sett                                                 0     0      0       0
 ---------------------------------------------------------------------------------
 Estimated maximum stack depth 2
 ---------------------------------------------------------------------------------
 (Depth) Function   	        Calls       Base Space   Used Autos Params    Refs
 ---------------------------------------------------------------------------------
 (3) _isr                                                  2     2      0       0
                                              0 COMMON     2     2      0
 ---------------------------------------------------------------------------------
 Estimated maximum stack depth 3
 ---------------------------------------------------------------------------------

 Call Graph Graphs:

 _main (ROOT)
   _sett
   _valorsevenseg
     _sevenseg
   _valorsevenseg2
     _sevenseg

 _isr (ROOT)

 Address spaces:
Name               Size   Autos  Total    Cost      Usage
BITCOMMON            E      0       0       0        0.0%
EEDATA             100      0       0       0        0.0%
NULL                 0      0       0       0        0.0%
CODE                 0      0       0       0        0.0%
COMMON               E      4       C       1       85.7%
BITSFR0              0      0       0       1        0.0%
SFR0                 0      0       0       1        0.0%
BITSFR1              0      0       0       2        0.0%
SFR1                 0      0       0       2        0.0%
STACK                0      0       0       2        0.0%
ABS                  0      0      20       3        0.0%
BITBANK0            50      0       0       4        0.0%
BITSFR3              0      0       0       4        0.0%
SFR3                 0      0       0       4        0.0%
BANK0               50      2      14       5       25.0%
BITSFR2              0      0       0       5        0.0%
SFR2                 0      0       0       5        0.0%
BITBANK1            50      0       0       6        0.0%
BANK1               50      0       0       7        0.0%
BITBANK3            60      0       0       8        0.0%
BANK3               60      0       0       9        0.0%
BITBANK2            60      0       0      10        0.0%
BANK2               60      0       0      11        0.0%
DATA                 0      0      20      12        0.0%


Microchip Technology PIC Macro Assembler V2.10 build 88905656 
Symbol Table                                                                                   Sat Feb 08 16:12:02 2020

                      _d 0020              __CFG_CP$OFF 0000                       l92 0186  
                     l95 0162                       l89 019D                       fsr 0004  
                    l100 00A5                      l101 00BA                      l102 00C6  
                    l107 00FF                      l135 00A4                      l940 002A  
                    l950 0043                      l942 002F                      l960 005C  
                    l952 0048                      l944 0034                      l936 0024  
                    l962 0061                      l954 004D                      l946 0039  
                    l938 0025                      l964 0066                      l956 0052  
                    l948 003E                      l972 0070                      l980 018A  
                    l966 006B                      l958 0057                      l982 0190  
                    l990 0166                      l984 0199                      l992 016C  
                    l986 019C                      l978 0187                      l994 0179  
                    l996 0182                      l988 0163                      l998 0185  
                    u300 00B6                      u301 00B5                      u310 00C0  
                    u311 00BF                      u320 00C4                      u321 00C3  
                    u330 00CB                      u331 00CA                      u340 00D9  
                    u341 00D8                      u350 00DF                      u351 00DE  
                    u360 00FD                      u361 00FC                      u290 00B2  
           __CFG_CPD$OFF 0000                      u291 00B1                      u365 00F9  
                    _isr 0104                      indf 0000             __CFG_LVP$OFF 0000  
                   l1000 0134                     l1010 0146                     l1002 0138  
                   l1020 014D                     l1012 0147                     l1004 0140  
                   l1030 015C                     l1022 0152                     l1014 014A  
                   l1006 0142                     l1110 00B2                     l1032 015F  
                   l1024 0153                     l1016 014B                     l1008 0145  
                   l1120 00CC                     l1112 00B6                     l1026 0154  
                   l1018 014C                     l1130 00E5                     l1122 00D3  
                   l1114 00C0                     l1106 00A5                     l1028 0157  
                   l1132 00EA                     l1124 00D4                     l1116 00C4  
                   l1108 00AA                     l1134 00F0                     l1126 00D9  
                   l1118 00CB                     l1136 00FD                     l1128 00DF  
                   l1158 0075                     ?_isr 0078                     i1l76 0124  
                   i1l78 012D          ??_valorsevenseg 007C                     _TMR0 0001  
                   _eADC 0077             __CFG_WRT$OFF 0000                     _main 00A5  
                   _sett 0134                     btemp 007E            __CFG_BOREN$ON 0000  
                   start 000C            __CFG_IESO$OFF 0000            __CFG_MCLRE$ON 0000  
                  ??_isr 0078                    ?_main 0078            __CFG_WDTE$OFF 0000  
                  ?_sett 0078                    _ANSEL 0188         ??_valorsevenseg2 007C  
                  u20_20 0128                    u20_21 0127                    u16_20 0108  
                  u16_21 0107                    u17_20 010E                    u17_21 010D  
                  u18_20 0116                    u18_21 0115                    u19_20 0121  
                  u19_21 0120                    _PORTA 0005                    _PORTB 0006  
                  _PORTC 0007                    _PORTD 0008                    _TRISA 0085  
                  _TRISC 0087                    _TRISD 0088                    _TRISE 0089  
                  _eTMR0 0076           __CFG_FCMEN$OFF 0000                    _valor 002C  
                  _multi 0070                    pclath 000A                    status 0003  
                  wtemp0 007E          __initialization 000F             __end_of_main 0104  
           __end_of_sett 0163                   ??_main 0032                   ??_sett 007A  
                 _ADCON0 001F                   _ADCON1 009F                   _ADRESH 001E  
                 i1l1040 0112                   i1l1050 0128                   i1l1042 0116  
                 i1l1034 0104                   i1l1052 012B                   i1l1044 011A  
                 i1l1036 0108                   i1l1038 010E                   i1l1046 011B  
                 i1l1048 0121           __CFG_PWRTE$OFF 0000                   _activo 0024  
                 _valor1 0028                   _valor2 0072                   _press1 0030  
                 _press2 002E                   _turnon 002A         __end_of_sevenseg 00A5  
                 saved_w 007E  __end_of__initialization 0020           __pcstackCOMMON 0078  
         _OPTION_REGbits 0081               __pbssBANK0 0020               __pmaintext 00A5  
             __pintentry 0004               _conversion 0074    __end_of_valorsevenseg 019E  
              ?_sevenseg 007A                  __ptext1 0163                  __ptext2 0187  
                __ptext3 0024                  __ptext4 0134                  __ptext5 0104  
           __size_of_isr 0030                  clrloop0 019F     end_of_initialization 0020  
             ??_sevenseg 007C                _PORTBbits 0006                _PORTDbits 0008  
              _TRISBbits 0086  __size_of_valorsevenseg2 0024      start_initialization 000F  
            __end_of_isr 0134              __pbssCOMMON 0070                ___latbits 0002  
          __pcstackBANK0 0032   __CFG_FOSC$INTRC_CLKOUT 0000                _calculado 0026  
      __size_of_sevenseg 0081           _valorsevenseg2 0163        interrupt_function 0004  
              clear_ram0 019E                 _PIE1bits 008C                 _PIR1bits 000C  
             _ADCON0bits 001F   __size_of_valorsevenseg 0017   __end_of_valorsevenseg2 0187  
      __CFG_BOR4V$BOR40V 0000          ?_valorsevenseg2 0078            __size_of_main 005F  
          __size_of_sett 002F            _valorsevenseg 0187                 _sevenseg 0024  
             _INTCONbits 000B                 intlevel1 0000           ?_valorsevenseg 0078  
          sevenseg@valor 007A  
