

Microchip MPLAB XC8 Assembler V2.10 build 88905656 
                                                                                               Thu Feb 06 12:51:56 2020

Microchip MPLAB XC8 C Compiler v2.10 (Free license) build 20190730164152 Og1 
     1                           	processor	16F887
     2                           	opt	pw 120
     3                           	opt	flic
     4                           	psect	cinit,global,class=CODE,merge=1,delta=2
     5                           	psect	bssCOMMON,global,class=COMMON,space=1,delta=1
     6                           	psect	bssBANK0,global,class=BANK0,space=1,delta=1
     7                           	psect	clrtext,global,class=CODE,delta=2
     8                           	psect	cstackCOMMON,global,class=COMMON,space=1,delta=1
     9                           	psect	cstackBANK0,global,class=BANK0,space=1,delta=1
    10                           	psect	maintext,global,class=CODE,split=1,delta=2
    11                           	psect	text1,local,class=CODE,merge=1,delta=2
    12                           	psect	text2,local,class=CODE,merge=1,delta=2
    13                           	psect	text3,local,class=CODE,merge=1,delta=2
    14                           	psect	text4,local,class=CODE,merge=1,delta=2
    15                           	psect	text5,local,class=CODE,merge=1,delta=2
    16                           	psect	intentry,global,class=CODE,delta=2
    17                           	dabs	1,0x7E,2
    18  0000                     
    19                           ; Version 2.10
    20                           ; Generated 31/07/2019 GMT
    21                           ; 
    22                           ; Copyright © 2019, Microchip Technology Inc. and its subsidiaries ("Microchip")
    23                           ; All rights reserved.
    24                           ; 
    25                           ; This software is developed by Microchip Technology Inc. and its subsidiaries ("Microch
      +                          ip").
    26                           ; 
    27                           ; Redistribution and use in source and binary forms, with or without modification, are
    28                           ; permitted provided that the following conditions are met:
    29                           ; 
    30                           ;     1. Redistributions of source code must retain the above copyright notice, this lis
      +                          t of
    31                           ;        conditions and the following disclaimer.
    32                           ; 
    33                           ;     2. Redistributions in binary form must reproduce the above copyright notice, this 
      +                          list
    34                           ;        of conditions and the following disclaimer in the documentation and/or other
    35                           ;        materials provided with the distribution.
    36                           ; 
    37                           ;     3. Microchip's name may not be used to endorse or promote products derived from th
      +                          is
    38                           ;        software without specific prior written permission.
    39                           ; 
    40                           ; THIS SOFTWARE IS PROVIDED BY MICROCHIP "AS IS" AND ANY EXPRESS OR IMPLIED WARRANTIES,
    41                           ; INCLUDING, BUT NOT LIMITED TO, THE IMPLIED WARRANTIES OF MERCHANTABILITY AND FITNESS F
      +                          OR
    42                           ; PURPOSE ARE DISCLAIMED.  IN NO EVENT SHALL MICROCHIP BE LIABLE FOR ANY DIRECT, INDIREC
      +                          T,
    43                           ; INCIDENTAL, SPECIAL, EXEMPLARY, OR CONSEQUENTIAL DAMAGES (INCLUDING BUT NOT LIMITED TO
    44                           ; PROCUREMENT OF SUBSTITUTE GOODS OR SERVICES; LOSS OF USE, DATA OR PROFITS; OR BUSINESS
    45                           ; INTERRUPTION) HOWSOEVER CAUSED AND ON ANY THEORY OF LIABILITY, WHETHER IN CONTRACT, ST
      +                          RICT
    46                           ; LIABILITY, OR TORT (INCLUDING NEGLIGENCE OR OTHERWISE) ARISING IN ANY WAY OUT OF THE U
      +                          SE OF
    47                           ; THIS SOFTWARE, EVEN IF ADVISED OF THE POSSIBILITY OF SUCH DAMAGE.
    48                           ; 
    49                           ; 
    50                           ; Code-generator required, PIC16F887 Definitions
    51                           ; 
    52                           ; SFR Addresses
    53  0000                     	;# 
    54  0001                     	;# 
    55  0002                     	;# 
    56  0003                     	;# 
    57  0004                     	;# 
    58  0005                     	;# 
    59  0006                     	;# 
    60  0007                     	;# 
    61  0008                     	;# 
    62  0009                     	;# 
    63  000A                     	;# 
    64  000B                     	;# 
    65  000C                     	;# 
    66  000D                     	;# 
    67  000E                     	;# 
    68  000E                     	;# 
    69  000F                     	;# 
    70  0010                     	;# 
    71  0011                     	;# 
    72  0012                     	;# 
    73  0013                     	;# 
    74  0014                     	;# 
    75  0015                     	;# 
    76  0015                     	;# 
    77  0016                     	;# 
    78  0017                     	;# 
    79  0018                     	;# 
    80  0019                     	;# 
    81  001A                     	;# 
    82  001B                     	;# 
    83  001B                     	;# 
    84  001C                     	;# 
    85  001D                     	;# 
    86  001E                     	;# 
    87  001F                     	;# 
    88  0081                     	;# 
    89  0085                     	;# 
    90  0086                     	;# 
    91  0087                     	;# 
    92  0088                     	;# 
    93  0089                     	;# 
    94  008C                     	;# 
    95  008D                     	;# 
    96  008E                     	;# 
    97  008F                     	;# 
    98  0090                     	;# 
    99  0091                     	;# 
   100  0092                     	;# 
   101  0093                     	;# 
   102  0093                     	;# 
   103  0093                     	;# 
   104  0094                     	;# 
   105  0095                     	;# 
   106  0096                     	;# 
   107  0097                     	;# 
   108  0098                     	;# 
   109  0099                     	;# 
   110  009A                     	;# 
   111  009B                     	;# 
   112  009C                     	;# 
   113  009D                     	;# 
   114  009E                     	;# 
   115  009F                     	;# 
   116  0105                     	;# 
   117  0107                     	;# 
   118  0108                     	;# 
   119  0109                     	;# 
   120  010C                     	;# 
   121  010C                     	;# 
   122  010D                     	;# 
   123  010E                     	;# 
   124  010F                     	;# 
   125  0185                     	;# 
   126  0187                     	;# 
   127  0188                     	;# 
   128  0189                     	;# 
   129  018C                     	;# 
   130  018D                     	;# 
   131  0000                     	;# 
   132  0001                     	;# 
   133  0002                     	;# 
   134  0003                     	;# 
   135  0004                     	;# 
   136  0005                     	;# 
   137  0006                     	;# 
   138  0007                     	;# 
   139  0008                     	;# 
   140  0009                     	;# 
   141  000A                     	;# 
   142  000B                     	;# 
   143  000C                     	;# 
   144  000D                     	;# 
   145  000E                     	;# 
   146  000E                     	;# 
   147  000F                     	;# 
   148  0010                     	;# 
   149  0011                     	;# 
   150  0012                     	;# 
   151  0013                     	;# 
   152  0014                     	;# 
   153  0015                     	;# 
   154  0015                     	;# 
   155  0016                     	;# 
   156  0017                     	;# 
   157  0018                     	;# 
   158  0019                     	;# 
   159  001A                     	;# 
   160  001B                     	;# 
   161  001B                     	;# 
   162  001C                     	;# 
   163  001D                     	;# 
   164  001E                     	;# 
   165  001F                     	;# 
   166  0081                     	;# 
   167  0085                     	;# 
   168  0086                     	;# 
   169  0087                     	;# 
   170  0088                     	;# 
   171  0089                     	;# 
   172  008C                     	;# 
   173  008D                     	;# 
   174  008E                     	;# 
   175  008F                     	;# 
   176  0090                     	;# 
   177  0091                     	;# 
   178  0092                     	;# 
   179  0093                     	;# 
   180  0093                     	;# 
   181  0093                     	;# 
   182  0094                     	;# 
   183  0095                     	;# 
   184  0096                     	;# 
   185  0097                     	;# 
   186  0098                     	;# 
   187  0099                     	;# 
   188  009A                     	;# 
   189  009B                     	;# 
   190  009C                     	;# 
   191  009D                     	;# 
   192  009E                     	;# 
   193  009F                     	;# 
   194  0105                     	;# 
   195  0107                     	;# 
   196  0108                     	;# 
   197  0109                     	;# 
   198  010C                     	;# 
   199  010C                     	;# 
   200  010D                     	;# 
   201  010E                     	;# 
   202  010F                     	;# 
   203  0185                     	;# 
   204  0187                     	;# 
   205  0188                     	;# 
   206  0189                     	;# 
   207  018C                     	;# 
   208  018D                     	;# 
   209  0000                     	;# 
   210  0001                     	;# 
   211  0002                     	;# 
   212  0003                     	;# 
   213  0004                     	;# 
   214  0005                     	;# 
   215  0006                     	;# 
   216  0007                     	;# 
   217  0008                     	;# 
   218  0009                     	;# 
   219  000A                     	;# 
   220  000B                     	;# 
   221  000C                     	;# 
   222  000D                     	;# 
   223  000E                     	;# 
   224  000E                     	;# 
   225  000F                     	;# 
   226  0010                     	;# 
   227  0011                     	;# 
   228  0012                     	;# 
   229  0013                     	;# 
   230  0014                     	;# 
   231  0015                     	;# 
   232  0015                     	;# 
   233  0016                     	;# 
   234  0017                     	;# 
   235  0018                     	;# 
   236  0019                     	;# 
   237  001A                     	;# 
   238  001B                     	;# 
   239  001B                     	;# 
   240  001C                     	;# 
   241  001D                     	;# 
   242  001E                     	;# 
   243  001F                     	;# 
   244  0081                     	;# 
   245  0085                     	;# 
   246  0086                     	;# 
   247  0087                     	;# 
   248  0088                     	;# 
   249  0089                     	;# 
   250  008C                     	;# 
   251  008D                     	;# 
   252  008E                     	;# 
   253  008F                     	;# 
   254  0090                     	;# 
   255  0091                     	;# 
   256  0092                     	;# 
   257  0093                     	;# 
   258  0093                     	;# 
   259  0093                     	;# 
   260  0094                     	;# 
   261  0095                     	;# 
   262  0096                     	;# 
   263  0097                     	;# 
   264  0098                     	;# 
   265  0099                     	;# 
   266  009A                     	;# 
   267  009B                     	;# 
   268  009C                     	;# 
   269  009D                     	;# 
   270  009E                     	;# 
   271  009F                     	;# 
   272  0105                     	;# 
   273  0107                     	;# 
   274  0108                     	;# 
   275  0109                     	;# 
   276  010C                     	;# 
   277  010C                     	;# 
   278  010D                     	;# 
   279  010E                     	;# 
   280  010F                     	;# 
   281  0185                     	;# 
   282  0187                     	;# 
   283  0188                     	;# 
   284  0189                     	;# 
   285  018C                     	;# 
   286  018D                     	;# 
   287  0000                     	;# 
   288  0001                     	;# 
   289  0002                     	;# 
   290  0003                     	;# 
   291  0004                     	;# 
   292  0005                     	;# 
   293  0006                     	;# 
   294  0007                     	;# 
   295  0008                     	;# 
   296  0009                     	;# 
   297  000A                     	;# 
   298  000B                     	;# 
   299  000C                     	;# 
   300  000D                     	;# 
   301  000E                     	;# 
   302  000E                     	;# 
   303  000F                     	;# 
   304  0010                     	;# 
   305  0011                     	;# 
   306  0012                     	;# 
   307  0013                     	;# 
   308  0014                     	;# 
   309  0015                     	;# 
   310  0015                     	;# 
   311  0016                     	;# 
   312  0017                     	;# 
   313  0018                     	;# 
   314  0019                     	;# 
   315  001A                     	;# 
   316  001B                     	;# 
   317  001B                     	;# 
   318  001C                     	;# 
   319  001D                     	;# 
   320  001E                     	;# 
   321  001F                     	;# 
   322  0081                     	;# 
   323  0085                     	;# 
   324  0086                     	;# 
   325  0087                     	;# 
   326  0088                     	;# 
   327  0089                     	;# 
   328  008C                     	;# 
   329  008D                     	;# 
   330  008E                     	;# 
   331  008F                     	;# 
   332  0090                     	;# 
   333  0091                     	;# 
   334  0092                     	;# 
   335  0093                     	;# 
   336  0093                     	;# 
   337  0093                     	;# 
   338  0094                     	;# 
   339  0095                     	;# 
   340  0096                     	;# 
   341  0097                     	;# 
   342  0098                     	;# 
   343  0099                     	;# 
   344  009A                     	;# 
   345  009B                     	;# 
   346  009C                     	;# 
   347  009D                     	;# 
   348  009E                     	;# 
   349  009F                     	;# 
   350  0105                     	;# 
   351  0107                     	;# 
   352  0108                     	;# 
   353  0109                     	;# 
   354  010C                     	;# 
   355  010C                     	;# 
   356  010D                     	;# 
   357  010E                     	;# 
   358  010F                     	;# 
   359  0185                     	;# 
   360  0187                     	;# 
   361  0188                     	;# 
   362  0189                     	;# 
   363  018C                     	;# 
   364  018D                     	;# 
   365  001E                     _ADRESH	set	30
   366  0006                     _PORTB	set	6
   367  001F                     _ADCON0	set	31
   368  0008                     _PORTD	set	8
   369  0005                     _PORTA	set	5
   370  0008                     _PORTDbits	set	8
   371  0007                     _PORTC	set	7
   372  0001                     _TMR0	set	1
   373  000C                     _PIR1bits	set	12
   374  001F                     _ADCON0bits	set	31
   375  0006                     _PORTBbits	set	6
   376  000B                     _INTCONbits	set	11
   377  009F                     _ADCON1	set	159
   378  008C                     _PIE1bits	set	140
   379  0081                     _OPTION_REGbits	set	129
   380  0088                     _TRISD	set	136
   381  0087                     _TRISC	set	135
   382  0085                     _TRISA	set	133
   383  0086                     _TRISBbits	set	134
   384  0188                     _ANSEL	set	392
   385                           
   386                           ; #config settings
   387  0000                     
   388                           	psect	cinit
   389  000F                     start_initialization:	
   390  000F                     __initialization:	
   391                           
   392                           ; Clear objects allocated to COMMON
   393  000F  3070               	movlw	low __pbssCOMMON
   394  0010  0084               	movwf	4
   395  0011  3078               	movlw	low (__pbssCOMMON+8)
   396  0012  120A  118A  219D  120A  118A  	fcall	clear_ram0
   397                           
   398                           ; Clear objects allocated to BANK0
   399  0017  1383               	bcf	3,7	;select IRP bank0
   400  0018  3020               	movlw	low __pbssBANK0
   401  0019  0084               	movwf	4
   402  001A  3032               	movlw	low (__pbssBANK0+18)
   403  001B  120A  118A  219D  120A  118A  	fcall	clear_ram0
   404  0020                     end_of_initialization:	
   405                           ;End of C runtime variable initialization code
   406                           
   407  0020                     __end_of__initialization:	
   408  0020  0183               	clrf	3
   409  0021  120A  118A  28A5   	ljmp	_main	;jump to C main() function
   410                           
   411                           	psect	bssCOMMON
   412  0070                     __pbssCOMMON:	
   413  0070                     _multi:	
   414  0070                     	ds	2
   415  0072                     _valor2:	
   416  0072                     	ds	2
   417  0074                     _conversion:	
   418  0074                     	ds	2
   419  0076                     _eTMR0:	
   420  0076                     	ds	1
   421  0077                     _eADC:	
   422  0077                     	ds	1
   423                           
   424                           	psect	bssBANK0
   425  0020                     __pbssBANK0:	
   426  0020                     _d:	
   427  0020                     	ds	4
   428  0024                     _activo:	
   429  0024                     	ds	2
   430  0026                     _calculado:	
   431  0026                     	ds	2
   432  0028                     _valor1:	
   433  0028                     	ds	2
   434  002A                     _turnon:	
   435  002A                     	ds	2
   436  002C                     _valor:	
   437  002C                     	ds	2
   438  002E                     _press2:	
   439  002E                     	ds	2
   440  0030                     _press1:	
   441  0030                     	ds	2
   442                           
   443                           	psect	clrtext
   444  019D                     clear_ram0:	
   445                           ;	Called with FSR containing the base address, and
   446                           ;	W with the last address+1
   447                           
   448  019D  0064               	clrwdt	;clear the watchdog before getting into this loop
   449  019E                     clrloop0:	
   450  019E  0180               	clrf	0	;clear RAM location pointed to by FSR
   451  019F  0A84               	incf	4,f	;increment pointer
   452  01A0  0604               	xorwf	4,w	;XOR with final address
   453  01A1  1903               	btfsc	3,2	;have we reached the end yet?
   454  01A2  3400               	retlw	0	;all done for this memory range, return
   455  01A3  0604               	xorwf	4,w	;XOR again to restore value
   456  01A4  299E               	goto	clrloop0	;do the next byte
   457                           
   458                           	psect	cstackCOMMON
   459  0078                     __pcstackCOMMON:	
   460  0078                     ?_isr:	
   461  0078                     ??_isr:	
   462                           ; 1 bytes @ 0x0
   463                           
   464  0078                     ?_valorsevenseg:	
   465                           ; 1 bytes @ 0x0
   466                           
   467  0078                     ?_valorsevenseg2:	
   468                           ; 1 bytes @ 0x0
   469                           
   470  0078                     ?_sett:	
   471                           ; 1 bytes @ 0x0
   472                           
   473  0078                     ?_main:	
   474                           ; 1 bytes @ 0x0
   475                           
   476                           
   477                           ; 1 bytes @ 0x0
   478  0078                     	ds	2
   479  007A                     ?_sevenseg:	
   480  007A                     ??_sett:	
   481                           ; 1 bytes @ 0x2
   482                           
   483  007A                     sevenseg@valor:	
   484                           ; 1 bytes @ 0x2
   485                           
   486                           
   487                           ; 2 bytes @ 0x2
   488  007A                     	ds	2
   489  007C                     ??_sevenseg:	
   490  007C                     ??_valorsevenseg:	
   491                           ; 1 bytes @ 0x4
   492                           
   493  007C                     ??_valorsevenseg2:	
   494                           ; 1 bytes @ 0x4
   495                           
   496                           
   497                           	psect	cstackBANK0
   498  0032                     __pcstackBANK0:	
   499                           ; 1 bytes @ 0x4
   500                           
   501  0032                     ??_main:	
   502                           
   503                           ; 1 bytes @ 0x0
   504  0032                     	ds	2
   505                           
   506                           	psect	maintext
   507  00A5                     __pmaintext:	
   508 ;;
   509 ;;Main: autosize = 0, tempsize = 2, incstack = 0, save=0
   510 ;;
   511 ;; *************** function _main *****************
   512 ;; Defined at:
   513 ;;		line 146 in file "lab2.c"
   514 ;; Parameters:    Size  Location     Type
   515 ;;		None
   516 ;; Auto vars:     Size  Location     Type
   517 ;;		None
   518 ;; Return value:  Size  Location     Type
   519 ;;                  1    wreg      void 
   520 ;; Registers used:
   521 ;;		wreg, fsr0l, fsr0h, status,2, status,0, btemp+1, pclath, cstack
   522 ;; Tracked objects:
   523 ;;		On entry : B00/0
   524 ;;		On exit  : 0/0
   525 ;;		Unchanged: 0/0
   526 ;; Data sizes:     COMMON   BANK0   BANK1   BANK3   BANK2
   527 ;;      Params:         0       0       0       0       0
   528 ;;      Locals:         0       0       0       0       0
   529 ;;      Temps:          0       2       0       0       0
   530 ;;      Totals:         0       2       0       0       0
   531 ;;Total ram usage:        2 bytes
   532 ;; Hardware stack levels required when called:    3
   533 ;; This function calls:
   534 ;;		_sett
   535 ;;		_valorsevenseg
   536 ;;		_valorsevenseg2
   537 ;; This function is called by:
   538 ;;		Startup code after reset
   539 ;; This function uses a non-reentrant model
   540 ;;
   541                           
   542                           
   543                           ;psect for function _main
   544  00A5                     _main:	
   545  00A5                     l104:	
   546                           ;incstack = 0
   547                           ; Regs used in _main: [wreg-fsr0h+status,2+status,0+btemp+1+pclath+cstack]
   548                           ;lab2.c: 147:     while (1){
   549                           
   550  00A5                     l1130:	
   551                           
   552                           ;lab2.c: 148:         sett();
   553  00A5  120A  118A  2134  120A  118A  	fcall	_sett
   554  00AA                     l1132:	
   555                           
   556                           ;lab2.c: 149:         if (press1 == 1 && PORTBbits.RB7 == 1){
   557  00AA  1283               	bcf	3,5	;RP0=0, select bank0
   558  00AB  1303               	bcf	3,6	;RP1=0, select bank0
   559  00AC  0330               	decf	_press1,w
   560  00AD  0431               	iorwf	_press1+1,w
   561  00AE  1D03               	btfss	3,2
   562  00AF  28B1               	goto	u291
   563  00B0  28B2               	goto	u290
   564  00B1                     u291:	
   565  00B1  28BA               	goto	l105
   566  00B2                     u290:	
   567  00B2                     l1134:	
   568  00B2  1F86               	btfss	6,7	;volatile
   569  00B3  28B5               	goto	u301
   570  00B4  28B6               	goto	u300
   571  00B5                     u301:	
   572  00B5  28BA               	goto	l105
   573  00B6                     u300:	
   574  00B6                     l1136:	
   575                           
   576                           ;lab2.c: 150:             PORTB++;}
   577  00B6  3001               	movlw	1
   578  00B7  00B2               	movwf	??_main
   579  00B8  0832               	movf	??_main,w
   580  00B9  0786               	addwf	6,f	;volatile
   581  00BA                     l105:	
   582                           
   583                           ;lab2.c: 151:         if (press2 == 1 && PORTBbits.RB0 == 1){
   584  00BA  032E               	decf	_press2,w
   585  00BB  042F               	iorwf	_press2+1,w
   586  00BC  1D03               	btfss	3,2
   587  00BD  28BF               	goto	u311
   588  00BE  28C0               	goto	u310
   589  00BF                     u311:	
   590  00BF  28C6               	goto	l106
   591  00C0                     u310:	
   592  00C0                     l1138:	
   593  00C0  1C06               	btfss	6,0	;volatile
   594  00C1  28C3               	goto	u321
   595  00C2  28C4               	goto	u320
   596  00C3                     u321:	
   597  00C3  28C6               	goto	l106
   598  00C4                     u320:	
   599  00C4                     l1140:	
   600                           
   601                           ;lab2.c: 152:             PORTB--;}
   602  00C4  3001               	movlw	1
   603  00C5  0286               	subwf	6,f	;volatile
   604  00C6                     l106:	
   605                           
   606                           ;lab2.c: 153:         if (eADC == 1){
   607  00C6  0377               	decf	_eADC,w
   608  00C7  1D03               	btfss	3,2
   609  00C8  28CA               	goto	u331
   610  00C9  28CB               	goto	u330
   611  00CA                     u331:	
   612  00CA  28D4               	goto	l1148
   613  00CB                     u330:	
   614  00CB                     l1142:	
   615                           
   616                           ;lab2.c: 154:             eADC =0;
   617  00CB  01F7               	clrf	_eADC
   618  00CC                     l1144:	
   619                           
   620                           ;lab2.c: 155:             conversion = ADRESH;
   621  00CC  081E               	movf	30,w	;volatile
   622  00CD  00B2               	movwf	??_main
   623  00CE  01B3               	clrf	??_main+1
   624  00CF  0832               	movf	??_main,w
   625  00D0  00F4               	movwf	_conversion
   626  00D1  0833               	movf	??_main+1,w
   627  00D2  00F5               	movwf	_conversion+1
   628  00D3                     l1146:	
   629                           
   630                           ;lab2.c: 156:             ADCON0bits.GO_DONE = 1;}
   631  00D3  149F               	bsf	31,1	;volatile
   632  00D4                     l1148:	
   633                           
   634                           ;lab2.c: 157:         if (eTMR0 == 1){
   635  00D4  0376               	decf	_eTMR0,w
   636  00D5  1D03               	btfss	3,2
   637  00D6  28D8               	goto	u341
   638  00D7  28D9               	goto	u340
   639  00D8                     u341:	
   640  00D8  28A5               	goto	l104
   641  00D9                     u340:	
   642  00D9                     l1150:	
   643                           
   644                           ;lab2.c: 158:             if (multi == 0){valorsevenseg();}
   645  00D9  0870               	movf	_multi,w
   646  00DA  0471               	iorwf	_multi+1,w
   647  00DB  1D03               	btfss	3,2
   648  00DC  28DE               	goto	u351
   649  00DD  28DF               	goto	u350
   650  00DE                     u351:	
   651  00DE  28E5               	goto	l1154
   652  00DF                     u350:	
   653  00DF                     l1152:	
   654  00DF  120A  118A  2186  120A  118A  	fcall	_valorsevenseg
   655  00E4  28EA               	goto	l1156
   656  00E5                     l1154:	
   657  00E5  120A  118A  2162  120A  118A  	fcall	_valorsevenseg2
   658  00EA                     l1156:	
   659                           
   660                           ;lab2.c: 160:             multi++;
   661  00EA  3001               	movlw	1
   662  00EB  07F0               	addwf	_multi,f
   663  00EC  1803               	skipnc
   664  00ED  0AF1               	incf	_multi+1,f
   665  00EE  3000               	movlw	0
   666  00EF  07F1               	addwf	_multi+1,f
   667  00F0                     l1158:	
   668                           
   669                           ;lab2.c: 161:             if (multi>1){multi = 0;}
   670  00F0  0871               	movf	_multi+1,w
   671  00F1  3A80               	xorlw	128
   672  00F2  00FF               	movwf	btemp+1
   673  00F3  3080               	movlw	128
   674  00F4  027F               	subwf	btemp+1,w
   675  00F5  1D03               	skipz
   676  00F6  28F9               	goto	u365
   677  00F7  3002               	movlw	2
   678  00F8  0270               	subwf	_multi,w
   679  00F9                     u365:	
   680  00F9  1C03               	skipc
   681  00FA  28FC               	goto	u361
   682  00FB  28FD               	goto	u360
   683  00FC                     u361:	
   684  00FC  28FF               	goto	l111
   685  00FD                     u360:	
   686  00FD                     l1160:	
   687  00FD  01F0               	clrf	_multi
   688  00FE  01F1               	clrf	_multi+1
   689  00FF                     l111:	
   690                           
   691                           ;lab2.c: 162:             eTMR0 = 0;}
   692  00FF  01F6               	clrf	_eTMR0
   693  0100  28A5               	goto	l104
   694  0101  120A  118A  280C   	ljmp	start
   695  0104                     __end_of_main:	
   696                           
   697                           	psect	text1
   698  0162                     __ptext1:	
   699 ;; *************** function _valorsevenseg2 *****************
   700 ;; Defined at:
   701 ;;		line 99 in file "lab2.c"
   702 ;; Parameters:    Size  Location     Type
   703 ;;		None
   704 ;; Auto vars:     Size  Location     Type
   705 ;;		None
   706 ;; Return value:  Size  Location     Type
   707 ;;                  1    wreg      void 
   708 ;; Registers used:
   709 ;;		wreg, fsr0l, fsr0h, status,2, status,0, pclath, cstack
   710 ;; Tracked objects:
   711 ;;		On entry : 0/0
   712 ;;		On exit  : 0/0
   713 ;;		Unchanged: 0/0
   714 ;; Data sizes:     COMMON   BANK0   BANK1   BANK3   BANK2
   715 ;;      Params:         0       0       0       0       0
   716 ;;      Locals:         0       0       0       0       0
   717 ;;      Temps:          0       0       0       0       0
   718 ;;      Totals:         0       0       0       0       0
   719 ;;Total ram usage:        0 bytes
   720 ;; Hardware stack levels used:    1
   721 ;; Hardware stack levels required when called:    2
   722 ;; This function calls:
   723 ;;		_sevenseg
   724 ;; This function is called by:
   725 ;;		_main
   726 ;;		_enceder
   727 ;; This function uses a non-reentrant model
   728 ;;
   729                           
   730                           
   731                           ;psect for function _valorsevenseg2
   732  0162                     _valorsevenseg2:	
   733  0162                     l1002:	
   734                           ;incstack = 0
   735                           ; Regs used in _valorsevenseg2: [wreg-fsr0h+status,2+status,0+pclath+cstack]
   736                           
   737                           
   738                           ;lab2.c: 100:     PORTC = 0b00000000;
   739  0162  1283               	bcf	3,5	;RP0=0, select bank0
   740  0163  1303               	bcf	3,6	;RP1=0, select bank0
   741  0164  0187               	clrf	7	;volatile
   742  0165                     l1004:	
   743                           
   744                           ;lab2.c: 101:     valor2 = conversion & 0b11110000;
   745  0165  30F0               	movlw	240
   746  0166  0574               	andwf	_conversion,w
   747  0167  00F2               	movwf	_valor2
   748  0168  3000               	movlw	0
   749  0169  0575               	andwf	_conversion+1,w
   750  016A  00F3               	movwf	_valor2+1
   751  016B                     l1006:	
   752                           
   753                           ;lab2.c: 102:     valor2 = valor2>>4;
   754  016B  0E72               	swapf	_valor2,w
   755  016C  390F               	andlw	15
   756  016D  00F2               	movwf	_valor2
   757  016E  0E73               	swapf	_valor2+1,w
   758  016F  39F0               	andlw	240
   759  0170  04F2               	iorwf	_valor2,f
   760  0171  0E73               	swapf	_valor2+1,w
   761  0172  390F               	andlw	15
   762  0173  00F3               	movwf	_valor2+1
   763  0174  30F0               	movlw	240
   764  0175  1DF3               	btfss	_valor2+1,3
   765  0176  3000               	movlw	0
   766  0177  04F3               	iorwf	_valor2+1,f
   767  0178                     l1008:	
   768                           
   769                           ;lab2.c: 103:     sevenseg(valor2);
   770  0178  0873               	movf	_valor2+1,w
   771  0179  00FB               	movwf	sevenseg@valor+1
   772  017A  0872               	movf	_valor2,w
   773  017B  00FA               	movwf	sevenseg@valor
   774  017C  120A  118A  2024  120A  118A  	fcall	_sevenseg
   775  0181                     l1010:	
   776                           
   777                           ;lab2.c: 104:     PORTDbits.RD0 = 1;
   778  0181  1283               	bcf	3,5	;RP0=0, select bank0
   779  0182  1303               	bcf	3,6	;RP1=0, select bank0
   780  0183  1408               	bsf	8,0	;volatile
   781  0184                     l1012:	
   782                           
   783                           ;lab2.c: 105:     PORTDbits.RD1 = 0;
   784  0184  1088               	bcf	8,1	;volatile
   785  0185                     l90:	
   786  0185  0008               	return
   787  0186                     __end_of_valorsevenseg2:	
   788                           
   789                           	psect	text2
   790  0186                     __ptext2:	
   791 ;; *************** function _valorsevenseg *****************
   792 ;; Defined at:
   793 ;;		line 89 in file "lab2.c"
   794 ;; Parameters:    Size  Location     Type
   795 ;;		None
   796 ;; Auto vars:     Size  Location     Type
   797 ;;		None
   798 ;; Return value:  Size  Location     Type
   799 ;;                  1    wreg      void 
   800 ;; Registers used:
   801 ;;		wreg, fsr0l, fsr0h, status,2, status,0, pclath, cstack
   802 ;; Tracked objects:
   803 ;;		On entry : 0/0
   804 ;;		On exit  : 0/0
   805 ;;		Unchanged: 0/0
   806 ;; Data sizes:     COMMON   BANK0   BANK1   BANK3   BANK2
   807 ;;      Params:         0       0       0       0       0
   808 ;;      Locals:         0       0       0       0       0
   809 ;;      Temps:          0       0       0       0       0
   810 ;;      Totals:         0       0       0       0       0
   811 ;;Total ram usage:        0 bytes
   812 ;; Hardware stack levels used:    1
   813 ;; Hardware stack levels required when called:    2
   814 ;; This function calls:
   815 ;;		_sevenseg
   816 ;; This function is called by:
   817 ;;		_main
   818 ;;		_enceder
   819 ;; This function uses a non-reentrant model
   820 ;;
   821                           
   822                           
   823                           ;psect for function _valorsevenseg
   824  0186                     _valorsevenseg:	
   825  0186                     l992:	
   826                           ;incstack = 0
   827                           ; Regs used in _valorsevenseg: [wreg-fsr0h+status,2+status,0+pclath+cstack]
   828                           
   829                           
   830                           ;lab2.c: 90:     PORTC= 0b00000000;
   831  0186  1283               	bcf	3,5	;RP0=0, select bank0
   832  0187  1303               	bcf	3,6	;RP1=0, select bank0
   833  0188  0187               	clrf	7	;volatile
   834  0189                     l994:	
   835                           
   836                           ;lab2.c: 91:     valor1 = conversion & 0b00001111;
   837  0189  300F               	movlw	15
   838  018A  0574               	andwf	_conversion,w
   839  018B  00A8               	movwf	_valor1
   840  018C  3000               	movlw	0
   841  018D  0575               	andwf	_conversion+1,w
   842  018E  00A9               	movwf	_valor1+1
   843  018F                     l996:	
   844                           
   845                           ;lab2.c: 92:     sevenseg(valor1);
   846  018F  0829               	movf	_valor1+1,w
   847  0190  00FB               	movwf	sevenseg@valor+1
   848  0191  0828               	movf	_valor1,w
   849  0192  00FA               	movwf	sevenseg@valor
   850  0193  120A  118A  2024  120A  118A  	fcall	_sevenseg
   851  0198                     l998:	
   852                           
   853                           ;lab2.c: 93:     PORTDbits.RD0 = 0;
   854  0198  1283               	bcf	3,5	;RP0=0, select bank0
   855  0199  1303               	bcf	3,6	;RP1=0, select bank0
   856  019A  1008               	bcf	8,0	;volatile
   857  019B                     l1000:	
   858                           
   859                           ;lab2.c: 94:     PORTDbits.RD1 = 1;
   860  019B  1488               	bsf	8,1	;volatile
   861  019C                     l87:	
   862  019C  0008               	return
   863  019D                     __end_of_valorsevenseg:	
   864                           
   865                           	psect	text3
   866  0024                     __ptext3:	
   867 ;; *************** function _sevenseg *****************
   868 ;; Defined at:
   869 ;;		line 3 in file "SEVENSEGS.c"
   870 ;; Parameters:    Size  Location     Type
   871 ;;  valor           2    2[COMMON] int 
   872 ;; Auto vars:     Size  Location     Type
   873 ;;		None
   874 ;; Return value:  Size  Location     Type
   875 ;;                  1    wreg      void 
   876 ;; Registers used:
   877 ;;		wreg, fsr0l, fsr0h, status,2, status,0
   878 ;; Tracked objects:
   879 ;;		On entry : 0/0
   880 ;;		On exit  : 0/0
   881 ;;		Unchanged: 0/0
   882 ;; Data sizes:     COMMON   BANK0   BANK1   BANK3   BANK2
   883 ;;      Params:         2       0       0       0       0
   884 ;;      Locals:         0       0       0       0       0
   885 ;;      Temps:          0       0       0       0       0
   886 ;;      Totals:         2       0       0       0       0
   887 ;;Total ram usage:        2 bytes
   888 ;; Hardware stack levels used:    1
   889 ;; Hardware stack levels required when called:    1
   890 ;; This function calls:
   891 ;;		Nothing
   892 ;; This function is called by:
   893 ;;		_valorsevenseg
   894 ;;		_valorsevenseg2
   895 ;; This function uses a non-reentrant model
   896 ;;
   897                           
   898                           
   899                           ;psect for function _sevenseg
   900  0024                     _sevenseg:	
   901  0024                     l950:	
   902                           ;incstack = 0
   903                           ; Regs used in _sevenseg: [wreg-fsr0h+status,2+status,0]
   904                           
   905                           
   906                           ;SEVENSEGS.c: 4:     switch (valor){
   907  0024  2870               	goto	l986
   908  0025                     l952:	
   909                           
   910                           ;SEVENSEGS.c: 6:             PORTC = 0x28;
   911  0025  3028               	movlw	40
   912  0026  1283               	bcf	3,5	;RP0=0, select bank0
   913  0027  1303               	bcf	3,6	;RP1=0, select bank0
   914  0028  0087               	movwf	7	;volatile
   915                           
   916                           ;SEVENSEGS.c: 7:             break;
   917  0029  28A4               	goto	l139
   918  002A                     l954:	
   919                           
   920                           ;SEVENSEGS.c: 9:             PORTC = 0xCD;
   921  002A  30CD               	movlw	205
   922  002B  1283               	bcf	3,5	;RP0=0, select bank0
   923  002C  1303               	bcf	3,6	;RP1=0, select bank0
   924  002D  0087               	movwf	7	;volatile
   925                           
   926                           ;SEVENSEGS.c: 10:             break;
   927  002E  28A4               	goto	l139
   928  002F                     l956:	
   929                           
   930                           ;SEVENSEGS.c: 12:             PORTC = 0x6D;
   931  002F  306D               	movlw	109
   932  0030  1283               	bcf	3,5	;RP0=0, select bank0
   933  0031  1303               	bcf	3,6	;RP1=0, select bank0
   934  0032  0087               	movwf	7	;volatile
   935                           
   936                           ;SEVENSEGS.c: 13:             break;
   937  0033  28A4               	goto	l139
   938  0034                     l958:	
   939                           
   940                           ;SEVENSEGS.c: 15:             PORTC = 0x2B;
   941  0034  302B               	movlw	43
   942  0035  1283               	bcf	3,5	;RP0=0, select bank0
   943  0036  1303               	bcf	3,6	;RP1=0, select bank0
   944  0037  0087               	movwf	7	;volatile
   945                           
   946                           ;SEVENSEGS.c: 16:             break;
   947  0038  28A4               	goto	l139
   948  0039                     l960:	
   949                           
   950                           ;SEVENSEGS.c: 18:             PORTC = 0x67;
   951  0039  3067               	movlw	103
   952  003A  1283               	bcf	3,5	;RP0=0, select bank0
   953  003B  1303               	bcf	3,6	;RP1=0, select bank0
   954  003C  0087               	movwf	7	;volatile
   955                           
   956                           ;SEVENSEGS.c: 19:             break;
   957  003D  28A4               	goto	l139
   958  003E                     l962:	
   959                           
   960                           ;SEVENSEGS.c: 21:             PORTC = 0xE7;
   961  003E  30E7               	movlw	231
   962  003F  1283               	bcf	3,5	;RP0=0, select bank0
   963  0040  1303               	bcf	3,6	;RP1=0, select bank0
   964  0041  0087               	movwf	7	;volatile
   965                           
   966                           ;SEVENSEGS.c: 22:             break;
   967  0042  28A4               	goto	l139
   968  0043                     l964:	
   969                           
   970                           ;SEVENSEGS.c: 24:             PORTC = 0x2D;
   971  0043  302D               	movlw	45
   972  0044  1283               	bcf	3,5	;RP0=0, select bank0
   973  0045  1303               	bcf	3,6	;RP1=0, select bank0
   974  0046  0087               	movwf	7	;volatile
   975                           
   976                           ;SEVENSEGS.c: 25:             break;
   977  0047  28A4               	goto	l139
   978  0048                     l966:	
   979                           
   980                           ;SEVENSEGS.c: 27:             PORTC = 0xEF;
   981  0048  30EF               	movlw	239
   982  0049  1283               	bcf	3,5	;RP0=0, select bank0
   983  004A  1303               	bcf	3,6	;RP1=0, select bank0
   984  004B  0087               	movwf	7	;volatile
   985                           
   986                           ;SEVENSEGS.c: 28:             break;
   987  004C  28A4               	goto	l139
   988  004D                     l968:	
   989                           
   990                           ;SEVENSEGS.c: 30:             PORTC = 0x6F;
   991  004D  306F               	movlw	111
   992  004E  1283               	bcf	3,5	;RP0=0, select bank0
   993  004F  1303               	bcf	3,6	;RP1=0, select bank0
   994  0050  0087               	movwf	7	;volatile
   995                           
   996                           ;SEVENSEGS.c: 31:             break;
   997  0051  28A4               	goto	l139
   998  0052                     l970:	
   999                           
  1000                           ;SEVENSEGS.c: 33:             PORTC = 0xAF;
  1001  0052  30AF               	movlw	175
  1002  0053  1283               	bcf	3,5	;RP0=0, select bank0
  1003  0054  1303               	bcf	3,6	;RP1=0, select bank0
  1004  0055  0087               	movwf	7	;volatile
  1005                           
  1006                           ;SEVENSEGS.c: 34:             break;
  1007  0056  28A4               	goto	l139
  1008  0057                     l972:	
  1009                           
  1010                           ;SEVENSEGS.c: 36:             PORTC = 0xE3;
  1011  0057  30E3               	movlw	227
  1012  0058  1283               	bcf	3,5	;RP0=0, select bank0
  1013  0059  1303               	bcf	3,6	;RP1=0, select bank0
  1014  005A  0087               	movwf	7	;volatile
  1015                           
  1016                           ;SEVENSEGS.c: 37:             break;
  1017  005B  28A4               	goto	l139
  1018  005C                     l974:	
  1019                           
  1020                           ;SEVENSEGS.c: 39:             PORTC = 0xC6;
  1021  005C  30C6               	movlw	198
  1022  005D  1283               	bcf	3,5	;RP0=0, select bank0
  1023  005E  1303               	bcf	3,6	;RP1=0, select bank0
  1024  005F  0087               	movwf	7	;volatile
  1025                           
  1026                           ;SEVENSEGS.c: 40:             break;
  1027  0060  28A4               	goto	l139
  1028  0061                     l976:	
  1029                           
  1030                           ;SEVENSEGS.c: 42:             PORTC = 0xE9;
  1031  0061  30E9               	movlw	233
  1032  0062  1283               	bcf	3,5	;RP0=0, select bank0
  1033  0063  1303               	bcf	3,6	;RP1=0, select bank0
  1034  0064  0087               	movwf	7	;volatile
  1035                           
  1036                           ;SEVENSEGS.c: 43:             break;
  1037  0065  28A4               	goto	l139
  1038  0066                     l978:	
  1039                           
  1040                           ;SEVENSEGS.c: 45:             PORTC = 0xC7;
  1041  0066  30C7               	movlw	199
  1042  0067  1283               	bcf	3,5	;RP0=0, select bank0
  1043  0068  1303               	bcf	3,6	;RP1=0, select bank0
  1044  0069  0087               	movwf	7	;volatile
  1045                           
  1046                           ;SEVENSEGS.c: 46:             break;
  1047  006A  28A4               	goto	l139
  1048  006B                     l980:	
  1049                           
  1050                           ;SEVENSEGS.c: 48:             PORTC = 0x87;
  1051  006B  3087               	movlw	135
  1052  006C  1283               	bcf	3,5	;RP0=0, select bank0
  1053  006D  1303               	bcf	3,6	;RP1=0, select bank0
  1054  006E  0087               	movwf	7	;volatile
  1055                           
  1056                           ;SEVENSEGS.c: 49:             break;
  1057  006F  28A4               	goto	l139
  1058  0070                     l986:	
  1059                           
  1060                           ; Switch on 2 bytes has been partitioned into a top level switch of size 1, and 1 sub-sw
      +                          itches
  1061                           ; Switch size 1, requested type "simple"
  1062                           ; Number of cases is 1, Range of values is 0 to 0
  1063                           ; switch strategies available:
  1064                           ; Name         Instructions Cycles
  1065                           ; simple_byte            4     3 (average)
  1066                           ; direct_byte           11     8 (fixed)
  1067                           ; jumptable            260     6 (fixed)
  1068                           ;	Chosen strategy is simple_byte
  1069  0070  087B               	movf	sevenseg@valor+1,w
  1070  0071  3A00               	xorlw	0	; case 0
  1071  0072  1903               	skipnz
  1072  0073  2875               	goto	l1182
  1073  0074  2848               	goto	l966
  1074  0075                     l1182:	
  1075                           
  1076                           ; Switch size 1, requested type "simple"
  1077                           ; Number of cases is 15, Range of values is 1 to 15
  1078                           ; switch strategies available:
  1079                           ; Name         Instructions Cycles
  1080                           ; simple_byte           46    24 (average)
  1081                           ; direct_byte           56    11 (fixed)
  1082                           ; jumptable            263     9 (fixed)
  1083                           ;	Chosen strategy is simple_byte
  1084  0075  087A               	movf	sevenseg@valor,w
  1085  0076  3A01               	xorlw	1	; case 1
  1086  0077  1903               	skipnz
  1087  0078  2825               	goto	l952
  1088  0079  3A03               	xorlw	3	; case 2
  1089  007A  1903               	skipnz
  1090  007B  282A               	goto	l954
  1091  007C  3A01               	xorlw	1	; case 3
  1092  007D  1903               	skipnz
  1093  007E  282F               	goto	l956
  1094  007F  3A07               	xorlw	7	; case 4
  1095  0080  1903               	skipnz
  1096  0081  2834               	goto	l958
  1097  0082  3A01               	xorlw	1	; case 5
  1098  0083  1903               	skipnz
  1099  0084  2839               	goto	l960
  1100  0085  3A03               	xorlw	3	; case 6
  1101  0086  1903               	skipnz
  1102  0087  283E               	goto	l962
  1103  0088  3A01               	xorlw	1	; case 7
  1104  0089  1903               	skipnz
  1105  008A  2843               	goto	l964
  1106  008B  3A0F               	xorlw	15	; case 8
  1107  008C  1903               	skipnz
  1108  008D  2848               	goto	l966
  1109  008E  3A01               	xorlw	1	; case 9
  1110  008F  1903               	skipnz
  1111  0090  284D               	goto	l968
  1112  0091  3A03               	xorlw	3	; case 10
  1113  0092  1903               	skipnz
  1114  0093  2852               	goto	l970
  1115  0094  3A01               	xorlw	1	; case 11
  1116  0095  1903               	skipnz
  1117  0096  2857               	goto	l972
  1118  0097  3A07               	xorlw	7	; case 12
  1119  0098  1903               	skipnz
  1120  0099  285C               	goto	l974
  1121  009A  3A01               	xorlw	1	; case 13
  1122  009B  1903               	skipnz
  1123  009C  2861               	goto	l976
  1124  009D  3A03               	xorlw	3	; case 14
  1125  009E  1903               	skipnz
  1126  009F  2866               	goto	l978
  1127  00A0  3A01               	xorlw	1	; case 15
  1128  00A1  1903               	skipnz
  1129  00A2  286B               	goto	l980
  1130  00A3  2848               	goto	l966
  1131  00A4                     l139:	
  1132  00A4  0008               	return
  1133  00A5                     __end_of_sevenseg:	
  1134                           
  1135                           	psect	text4
  1136  0134                     __ptext4:	
  1137 ;; *************** function _sett *****************
  1138 ;; Defined at:
  1139 ;;		line 117 in file "lab2.c"
  1140 ;; Parameters:    Size  Location     Type
  1141 ;;		None
  1142 ;; Auto vars:     Size  Location     Type
  1143 ;;		None
  1144 ;; Return value:  Size  Location     Type
  1145 ;;                  1    wreg      void 
  1146 ;; Registers used:
  1147 ;;		wreg, status,2
  1148 ;; Tracked objects:
  1149 ;;		On entry : 0/0
  1150 ;;		On exit  : 0/0
  1151 ;;		Unchanged: 0/0
  1152 ;; Data sizes:     COMMON   BANK0   BANK1   BANK3   BANK2
  1153 ;;      Params:         0       0       0       0       0
  1154 ;;      Locals:         0       0       0       0       0
  1155 ;;      Temps:          0       0       0       0       0
  1156 ;;      Totals:         0       0       0       0       0
  1157 ;;Total ram usage:        0 bytes
  1158 ;; Hardware stack levels used:    1
  1159 ;; Hardware stack levels required when called:    1
  1160 ;; This function calls:
  1161 ;;		Nothing
  1162 ;; This function is called by:
  1163 ;;		_main
  1164 ;; This function uses a non-reentrant model
  1165 ;;
  1166                           
  1167                           
  1168                           ;psect for function _sett
  1169  0134                     _sett:	
  1170  0134                     l1014:	
  1171                           ;incstack = 0
  1172                           ; Regs used in _sett: [wreg+status,2]
  1173                           
  1174                           
  1175                           ;lab2.c: 118:     TRISBbits.TRISB7=1;
  1176  0134  1683               	bsf	3,5	;RP0=1, select bank1
  1177  0135  1303               	bcf	3,6	;RP1=0, select bank1
  1178  0136  1786               	bsf	6,7	;volatile
  1179                           
  1180                           ;lab2.c: 119:     TRISBbits.TRISB1=1;
  1181  0137  1486               	bsf	6,1	;volatile
  1182  0138                     l1016:	
  1183                           
  1184                           ;lab2.c: 120:     ANSEL = 0b00000001;
  1185  0138  3001               	movlw	1
  1186  0139  1683               	bsf	3,5	;RP0=1, select bank3
  1187  013A  1703               	bsf	3,6	;RP1=1, select bank3
  1188  013B  0088               	movwf	8	;volatile
  1189  013C                     l1018:	
  1190                           
  1191                           ;lab2.c: 121:     TRISA = 0;
  1192  013C  1683               	bsf	3,5	;RP0=1, select bank1
  1193  013D  1303               	bcf	3,6	;RP1=0, select bank1
  1194  013E  0185               	clrf	5	;volatile
  1195  013F                     l1020:	
  1196                           
  1197                           ;lab2.c: 122:     TRISC = 0;
  1198  013F  0187               	clrf	7	;volatile
  1199  0140                     l1022:	
  1200                           
  1201                           ;lab2.c: 123:     TRISD = 0;
  1202  0140  0188               	clrf	8	;volatile
  1203  0141                     l1024:	
  1204                           
  1205                           ;lab2.c: 124:     PORTA = 0;
  1206  0141  1283               	bcf	3,5	;RP0=0, select bank0
  1207  0142  1303               	bcf	3,6	;RP1=0, select bank0
  1208  0143  0185               	clrf	5	;volatile
  1209  0144                     l1026:	
  1210                           
  1211                           ;lab2.c: 125:     PORTC = 0;
  1212  0144  0187               	clrf	7	;volatile
  1213  0145                     l1028:	
  1214                           
  1215                           ;lab2.c: 126:     PORTD = 0;
  1216  0145  0188               	clrf	8	;volatile
  1217  0146                     l1030:	
  1218                           
  1219                           ;lab2.c: 127:     OPTION_REGbits.T0CS =0;
  1220  0146  1683               	bsf	3,5	;RP0=1, select bank1
  1221  0147  1303               	bcf	3,6	;RP1=0, select bank1
  1222  0148  1281               	bcf	1,5	;volatile
  1223  0149                     l1032:	
  1224                           
  1225                           ;lab2.c: 128:     OPTION_REGbits.PSA =0;
  1226  0149  1181               	bcf	1,3	;volatile
  1227  014A                     l1034:	
  1228                           
  1229                           ;lab2.c: 129:     OPTION_REGbits.PS0 =0;
  1230  014A  1001               	bcf	1,0	;volatile
  1231  014B                     l1036:	
  1232                           
  1233                           ;lab2.c: 130:     OPTION_REGbits.PS1 =1;
  1234  014B  1481               	bsf	1,1	;volatile
  1235  014C                     l1038:	
  1236                           
  1237                           ;lab2.c: 131:     OPTION_REGbits.PS2 =0;
  1238  014C  1101               	bcf	1,2	;volatile
  1239                           
  1240                           ;lab2.c: 132:     TMR0 = 125;
  1241  014D  307D               	movlw	125
  1242  014E  1283               	bcf	3,5	;RP0=0, select bank0
  1243  014F  1303               	bcf	3,6	;RP1=0, select bank0
  1244  0150  0081               	movwf	1	;volatile
  1245  0151                     l1040:	
  1246                           
  1247                           ;lab2.c: 133:     INTCONbits.T0IE = 1;
  1248  0151  168B               	bsf	11,5	;volatile
  1249  0152                     l1042:	
  1250                           
  1251                           ;lab2.c: 134:     INTCONbits.T0IF = 0;
  1252  0152  110B               	bcf	11,2	;volatile
  1253  0153                     l1044:	
  1254                           
  1255                           ;lab2.c: 136:     PIE1bits.ADIE = 1;
  1256  0153  1683               	bsf	3,5	;RP0=1, select bank1
  1257  0154  1303               	bcf	3,6	;RP1=0, select bank1
  1258  0155  170C               	bsf	12,6	;volatile
  1259  0156                     l1046:	
  1260                           
  1261                           ;lab2.c: 137:     PIR1bits.ADIF = 0;
  1262  0156  1283               	bcf	3,5	;RP0=0, select bank0
  1263  0157  1303               	bcf	3,6	;RP1=0, select bank0
  1264  0158  130C               	bcf	12,6	;volatile
  1265                           
  1266                           ;lab2.c: 138:     ADCON0 = 0b01010101;
  1267  0159  3055               	movlw	85
  1268  015A  009F               	movwf	31	;volatile
  1269  015B                     l1048:	
  1270                           
  1271                           ;lab2.c: 139:     ADCON1 = 0;
  1272  015B  1683               	bsf	3,5	;RP0=1, select bank1
  1273  015C  1303               	bcf	3,6	;RP1=0, select bank1
  1274  015D  019F               	clrf	31	;volatile
  1275  015E                     l1050:	
  1276                           
  1277                           ;lab2.c: 140:     ADCON0bits.GO_DONE=1;
  1278  015E  1283               	bcf	3,5	;RP0=0, select bank0
  1279  015F  1303               	bcf	3,6	;RP1=0, select bank0
  1280  0160  149F               	bsf	31,1	;volatile
  1281  0161                     l99:	
  1282  0161  0008               	return
  1283  0162                     __end_of_sett:	
  1284                           
  1285                           	psect	text5
  1286  0104                     __ptext5:	
  1287 ;; *************** function _isr *****************
  1288 ;; Defined at:
  1289 ;;		line 54 in file "lab2.c"
  1290 ;; Parameters:    Size  Location     Type
  1291 ;;		None
  1292 ;; Auto vars:     Size  Location     Type
  1293 ;;		None
  1294 ;; Return value:  Size  Location     Type
  1295 ;;                  1    wreg      void 
  1296 ;; Registers used:
  1297 ;;		wreg
  1298 ;; Tracked objects:
  1299 ;;		On entry : 0/0
  1300 ;;		On exit  : 0/0
  1301 ;;		Unchanged: 0/0
  1302 ;; Data sizes:     COMMON   BANK0   BANK1   BANK3   BANK2
  1303 ;;      Params:         0       0       0       0       0
  1304 ;;      Locals:         0       0       0       0       0
  1305 ;;      Temps:          2       0       0       0       0
  1306 ;;      Totals:         2       0       0       0       0
  1307 ;;Total ram usage:        2 bytes
  1308 ;; Hardware stack levels used:    1
  1309 ;; This function calls:
  1310 ;;		Nothing
  1311 ;; This function is called by:
  1312 ;;		Interrupt level 1
  1313 ;; This function uses a non-reentrant model
  1314 ;;
  1315                           
  1316                           
  1317                           ;psect for function _isr
  1318  0104                     _isr:	
  1319  0104                     i1l1052:	
  1320                           
  1321                           ;lab2.c: 56:     if(INTCONbits.RBIF == 1){
  1322  0104  1C0B               	btfss	11,0	;volatile
  1323  0105  2907               	goto	u16_21
  1324  0106  2908               	goto	u16_20
  1325  0107                     u16_21:	
  1326  0107  291B               	goto	i1l1064
  1327  0108                     u16_20:	
  1328  0108                     i1l1054:	
  1329                           
  1330                           ;lab2.c: 57:         if (PORTBbits.RB7 == 0){
  1331  0108  1283               	bcf	3,5	;RP0=0, select bank0
  1332  0109  1303               	bcf	3,6	;RP1=0, select bank0
  1333  010A  1B86               	btfsc	6,7	;volatile
  1334  010B  290D               	goto	u17_21
  1335  010C  290E               	goto	u17_20
  1336  010D                     u17_21:	
  1337  010D  2912               	goto	i1l1058
  1338  010E                     u17_20:	
  1339  010E                     i1l1056:	
  1340                           
  1341                           ;lab2.c: 58:             press1 = 1;}
  1342  010E  3001               	movlw	1
  1343  010F  00B0               	movwf	_press1
  1344  0110  3000               	movlw	0
  1345  0111  00B1               	movwf	_press1+1
  1346  0112                     i1l1058:	
  1347                           
  1348                           ;lab2.c: 59:         if (PORTBbits.RB1 == 0){
  1349  0112  1886               	btfsc	6,1	;volatile
  1350  0113  2915               	goto	u18_21
  1351  0114  2916               	goto	u18_20
  1352  0115                     u18_21:	
  1353  0115  291A               	goto	i1l1062
  1354  0116                     u18_20:	
  1355  0116                     i1l1060:	
  1356                           
  1357                           ;lab2.c: 60:             press2 = 1;}
  1358  0116  3001               	movlw	1
  1359  0117  00AE               	movwf	_press2
  1360  0118  3000               	movlw	0
  1361  0119  00AF               	movwf	_press2+1
  1362  011A                     i1l1062:	
  1363                           
  1364                           ;lab2.c: 61:         INTCONbits.RBIF = 0;
  1365  011A  100B               	bcf	11,0	;volatile
  1366  011B                     i1l1064:	
  1367                           
  1368                           ;lab2.c: 65:     if (ADCON0bits.GO_DONE == 0){
  1369  011B  1283               	bcf	3,5	;RP0=0, select bank0
  1370  011C  1303               	bcf	3,6	;RP1=0, select bank0
  1371  011D  189F               	btfsc	31,1	;volatile
  1372  011E  2920               	goto	u19_21
  1373  011F  2921               	goto	u19_20
  1374  0120                     u19_21:	
  1375  0120  2924               	goto	i1l74
  1376  0121                     u19_20:	
  1377  0121                     i1l1066:	
  1378                           
  1379                           ;lab2.c: 66:        eADC = 1;
  1380  0121  01F7               	clrf	_eADC
  1381  0122  0AF7               	incf	_eADC,f
  1382                           
  1383                           ;lab2.c: 67:        PIR1bits.ADIF =0;
  1384  0123  130C               	bcf	12,6	;volatile
  1385  0124                     i1l74:	
  1386                           ;lab2.c: 68:     }
  1387                           
  1388                           
  1389                           ;lab2.c: 70:      if (INTCONbits.T0IF == 1) {
  1390  0124  1D0B               	btfss	11,2	;volatile
  1391  0125  2927               	goto	u20_21
  1392  0126  2928               	goto	u20_20
  1393  0127                     u20_21:	
  1394  0127  292D               	goto	i1l76
  1395  0128                     u20_20:	
  1396  0128                     i1l1068:	
  1397                           
  1398                           ;lab2.c: 71:         eTMR0 = 1;
  1399  0128  01F6               	clrf	_eTMR0
  1400  0129  0AF6               	incf	_eTMR0,f
  1401                           
  1402                           ;lab2.c: 72:         INTCONbits.T0IF = 0;
  1403  012A  110B               	bcf	11,2	;volatile
  1404  012B                     i1l1070:	
  1405                           
  1406                           ;lab2.c: 73:         TMR0 = 125;}}
  1407  012B  307D               	movlw	125
  1408  012C  0081               	movwf	1	;volatile
  1409  012D                     i1l76:	
  1410  012D  0879               	movf	??_isr+1,w
  1411  012E  008A               	movwf	10
  1412  012F  0E78               	swapf	??_isr^(0+4294967168),w
  1413  0130  0083               	movwf	3
  1414  0131  0EFE               	swapf	btemp,f
  1415  0132  0E7E               	swapf	btemp,w
  1416  0133  0009               	retfie
  1417  0134                     __end_of_isr:	
  1418  007E                     btemp	set	126	;btemp
  1419  007E                     wtemp0	set	126
  1420                           
  1421                           	psect	intentry
  1422  0004                     __pintentry:	
  1423                           ;incstack = 0
  1424                           ; Regs used in _isr: [wreg]
  1425                           
  1426  0004                     interrupt_function:	
  1427  007E                     saved_w	set	btemp
  1428  0004  00FE               	movwf	btemp
  1429  0005  0E03               	swapf	3,w
  1430  0006  00F8               	movwf	??_isr
  1431  0007  080A               	movf	10,w
  1432  0008  00F9               	movwf	??_isr+1
  1433  0009  120A  118A  2904   	ljmp	_isr


Data Sizes:
    Strings     0
    Constant    0
    Data        0
    BSS         26
    Persistent  0
    Stack       0

Auto Spaces:
    Space          Size  Autos    Used
    COMMON           14      4      12
    BANK0            80      2      20
    BANK1            80      0       0
    BANK3            96      0       0
    BANK2            96      0       0

Pointer List with Targets:

    None.

Critical Paths under _main in COMMON

    _valorsevenseg2->_sevenseg
    _valorsevenseg->_sevenseg

Critical Paths under _isr in COMMON

    None.

Critical Paths under _main in BANK0

    None.

Critical Paths under _isr in BANK0

    None.

Critical Paths under _main in BANK1

    None.

Critical Paths under _isr in BANK1

    None.

Critical Paths under _main in BANK3

    None.

Critical Paths under _isr in BANK3

    None.

Critical Paths under _main in BANK2

    None.

Critical Paths under _isr in BANK2

    None.

Call Graph Tables:

 ---------------------------------------------------------------------------------
 (Depth) Function   	        Calls       Base Space   Used Autos Params    Refs
 ---------------------------------------------------------------------------------
 (0) _main                                                 2     2      0     348
                                              0 BANK0      2     2      0
                               _sett
                      _valorsevenseg
                     _valorsevenseg2
 ---------------------------------------------------------------------------------
 (1) _valorsevenseg2                                       0     0      0     174
                           _sevenseg
 ---------------------------------------------------------------------------------
 (1) _valorsevenseg                                        0     0      0     174
                           _sevenseg
 ---------------------------------------------------------------------------------
 (2) _sevenseg                                             2     0      2     174
                                              2 COMMON     2     0      2
 ---------------------------------------------------------------------------------
 (1) _sett                                                 0     0      0       0
 ---------------------------------------------------------------------------------
 Estimated maximum stack depth 2
 ---------------------------------------------------------------------------------
 (Depth) Function   	        Calls       Base Space   Used Autos Params    Refs
 ---------------------------------------------------------------------------------
 (3) _isr                                                  2     2      0       0
                                              0 COMMON     2     2      0
 ---------------------------------------------------------------------------------
 Estimated maximum stack depth 3
 ---------------------------------------------------------------------------------

 Call Graph Graphs:

 _main (ROOT)
   _sett
   _valorsevenseg
     _sevenseg
   _valorsevenseg2
     _sevenseg

 _isr (ROOT)

 Address spaces:
Name               Size   Autos  Total    Cost      Usage
BITCOMMON            E      0       0       0        0.0%
EEDATA             100      0       0       0        0.0%
NULL                 0      0       0       0        0.0%
CODE                 0      0       0       0        0.0%
COMMON               E      4       C       1       85.7%
BITSFR0              0      0       0       1        0.0%
SFR0                 0      0       0       1        0.0%
BITSFR1              0      0       0       2        0.0%
SFR1                 0      0       0       2        0.0%
STACK                0      0       0       2        0.0%
ABS                  0      0      20       3        0.0%
BITBANK0            50      0       0       4        0.0%
BITSFR3              0      0       0       4        0.0%
SFR3                 0      0       0       4        0.0%
BANK0               50      2      14       5       25.0%
BITSFR2              0      0       0       5        0.0%
SFR2                 0      0       0       5        0.0%
BITBANK1            50      0       0       6        0.0%
BANK1               50      0       0       7        0.0%
BITBANK3            60      0       0       8        0.0%
BANK3               60      0       0       9        0.0%
BITBANK2            60      0       0      10        0.0%
BANK2               60      0       0      11        0.0%
DATA                 0      0      20      12        0.0%


Microchip Technology PIC Macro Assembler V2.10 build 88905656 
Symbol Table                                                                                   Thu Feb 06 12:51:56 2020

                      _d 0020              __CFG_CP$OFF 0000                       l90 0185  
                     l87 019C                       l99 0161                       fsr 0004  
                    l111 00FF                      l104 00A5                      l105 00BA  
                    l106 00C6                      l139 00A4                      l950 0024  
                    l960 0039                      l952 0025                      l970 0052  
                    l962 003E                      l954 002A                      l980 006B  
                    l972 0057                      l964 0043                      l956 002F  
                    l974 005C                      l966 0048                      l958 0034  
                    l976 0061                      l968 004D                      l992 0186  
                    l978 0066                      l986 0070                      l994 0189  
                    l996 018F                      l998 0198                      u300 00B6  
                    u301 00B5                      u310 00C0                      u311 00BF  
                    u320 00C4                      u321 00C3                      u330 00CB  
                    u331 00CA                      u340 00D9                      u341 00D8  
                    u350 00DF                      u351 00DE                      u360 00FD  
                    u361 00FC                      u290 00B2             __CFG_CPD$OFF 0000  
                    u291 00B1                      u365 00F9                      _isr 0104  
                    indf 0000             __CFG_LVP$OFF 0000                     l1000 019B  
                   l1010 0181                     l1002 0162                     l1020 013F  
                   l1012 0184                     l1004 0165                     l1030 0146  
                   l1022 0140                     l1014 0134                     l1006 016B  
                   l1040 0151                     l1032 0149                     l1024 0141  
                   l1016 0138                     l1008 0178                     l1050 015E  
                   l1042 0152                     l1034 014A                     l1026 0144  
                   l1018 013C                     l1130 00A5                     l1044 0153  
                   l1036 014B                     l1028 0145                     l1140 00C4  
                   l1132 00AA                     l1046 0156                     l1038 014C  
                   l1150 00D9                     l1142 00CB                     l1134 00B2  
                   l1048 015B                     l1160 00FD                     l1152 00DF  
                   l1144 00CC                     l1136 00B6                     l1154 00E5  
                   l1146 00D3                     l1138 00C0                     l1156 00EA  
                   l1148 00D4                     l1182 0075                     l1158 00F0  
                   ?_isr 0078                     i1l74 0124                     i1l76 012D  
        ??_valorsevenseg 007C                     _TMR0 0001                     _eADC 0077  
           __CFG_WRT$OFF 0000                     _main 00A5                     _sett 0134  
                   btemp 007E            __CFG_BOREN$ON 0000                     start 000C  
          __CFG_IESO$OFF 0000            __CFG_MCLRE$ON 0000                    ??_isr 0078  
                  ?_main 0078            __CFG_WDTE$OFF 0000                    ?_sett 0078  
                  _ANSEL 0188         ??_valorsevenseg2 007C                    u20_20 0128  
                  u20_21 0127                    u16_20 0108                    u16_21 0107  
                  u17_20 010E                    u17_21 010D                    u18_20 0116  
                  u18_21 0115                    u19_20 0121                    u19_21 0120  
                  _PORTA 0005                    _PORTB 0006                    _PORTC 0007  
                  _PORTD 0008                    _TRISA 0085                    _TRISC 0087  
                  _TRISD 0088                    _eTMR0 0076           __CFG_FCMEN$OFF 0000  
                  _valor 002C                    _multi 0070                    pclath 000A  
                  status 0003                    wtemp0 007E          __initialization 000F  
           __end_of_main 0104             __end_of_sett 0162                   ??_main 0032  
                 ??_sett 007A                   _ADCON0 001F                   _ADCON1 009F  
                 _ADRESH 001E                   i1l1060 0116                   i1l1052 0104  
                 i1l1070 012B                   i1l1062 011A                   i1l1054 0108  
                 i1l1056 010E                   i1l1064 011B                   i1l1066 0121  
                 i1l1058 0112                   i1l1068 0128           __CFG_PWRTE$OFF 0000  
                 _activo 0024                   _valor1 0028                   _valor2 0072  
                 _press1 0030                   _press2 002E                   _turnon 002A  
       __end_of_sevenseg 00A5                   saved_w 007E  __end_of__initialization 0020  
         __pcstackCOMMON 0078           _OPTION_REGbits 0081               __pbssBANK0 0020  
             __pmaintext 00A5               __pintentry 0004               _conversion 0074  
  __end_of_valorsevenseg 019D                ?_sevenseg 007A                  __ptext1 0162  
                __ptext2 0186                  __ptext3 0024                  __ptext4 0134  
                __ptext5 0104             __size_of_isr 0030                  clrloop0 019E  
   end_of_initialization 0020               ??_sevenseg 007C                _PORTBbits 0006  
              _PORTDbits 0008                _TRISBbits 0086  __size_of_valorsevenseg2 0024  
    start_initialization 000F              __end_of_isr 0134              __pbssCOMMON 0070  
              ___latbits 0002            __pcstackBANK0 0032   __CFG_FOSC$INTRC_CLKOUT 0000  
              _calculado 0026        __size_of_sevenseg 0081           _valorsevenseg2 0162  
      interrupt_function 0004                clear_ram0 019D                 _PIE1bits 008C  
               _PIR1bits 000C               _ADCON0bits 001F   __size_of_valorsevenseg 0017  
 __end_of_valorsevenseg2 0186        __CFG_BOR4V$BOR40V 0000          ?_valorsevenseg2 0078  
          __size_of_main 005F            __size_of_sett 002E            _valorsevenseg 0186  
               _sevenseg 0024               _INTCONbits 000B                 intlevel1 0000  
         ?_valorsevenseg 0078            sevenseg@valor 007A  
